This is XeTeX, Version 3.141592653-2.6-0.999998 (TeX Live 2026) (preloaded format=xelatex 2026.4.17)  21 MAY 2026 14:43
entering extended mode
 restricted \write18 enabled.
 %&-line parsing enabled.
**ServiceManual.tex
(./ServiceManual.tex
LaTeX2e <2025-11-01>
L3 programming layer <2026-03-20>
(./sphinxmanual.cls
Document Class: sphinxmanual 2019/12/01 v2.3.0 Document class (Sphinx manual)
(e:/texlive/2026/texmf-dist/tex/latex/base/report.cls
Document Class: report 2025/01/22 v1.4n Standard LaTeX document class
(e:/texlive/2026/texmf-dist/tex/latex/base/size11.clo
File: size11.clo 2025/01/22 v1.4n Standard LaTeX file (size option)
)
\c@part=\count271
\c@chapter=\count272
\c@section=\count273
\c@subsection=\count274
\c@subsubsection=\count275
\c@paragraph=\count276
\c@subparagraph=\count277
\c@figure=\count278
\c@table=\count279
\abovecaptionskip=\skip49
\belowcaptionskip=\skip50
\bibindent=\dimen150
)
LaTeX Info: Redefining \and on input line 35.
)
\sphinxpxdimen=\dimen151
\sphinxremdimen=\dimen152

(e:/texlive/2026/texmf-dist/tex/latex/cmap/cmap.sty
Package: cmap 2021/02/06 v1.0j CMap support: searchable PDF


Package cmap Warning: pdftex not detected - exiting.

) (e:/texlive/2026/texmf-dist/tex/xelatex/xecjk/xeCJK.sty
(e:/texlive/2026/texmf-dist/tex/latex/l3kernel/expl3.sty
Package: expl3 2026-03-20 L3 programming layer (loader) 

(e:/texlive/2026/texmf-dist/tex/latex/l3backend/l3backend-xetex.def
File: l3backend-xetex.def 2026-02-18 L3 backend support: XeTeX
\g__graphics_track_int=\count280
\g__pdfannot_backend_int=\count281
\g__pdfannot_backend_link_int=\count282
))
Package: xeCJK 2022/08/05 v3.9.1 Typesetting CJK scripts with XeLaTeX

(e:/texlive/2026/texmf-dist/tex/latex/ctex/ctexhook.sty
Package: ctexhook 2022/07/14 v2.5.10 Document and package hooks (CTEX)
)
(e:/texlive/2026/texmf-dist/tex/latex/l3packages/xtemplate/xtemplate.sty
Package: xtemplate 2025-10-09 L3 Experimental prototype document functions
)
\l__xeCJK_tmp_int=\count283
\l__xeCJK_tmp_box=\box53
\l__xeCJK_tmp_dim=\dimen153
\l__xeCJK_tmp_skip=\skip51
\g__xeCJK_space_factor_int=\count284
\l__xeCJK_begin_int=\count285
\l__xeCJK_end_int=\count286
\c__xeCJK_CJK_class_int=\XeTeXcharclass1
\c__xeCJK_FullLeft_class_int=\XeTeXcharclass2
\c__xeCJK_FullRight_class_int=\XeTeXcharclass3
\c__xeCJK_HalfLeft_class_int=\XeTeXcharclass4
\c__xeCJK_HalfRight_class_int=\XeTeXcharclass5
\c__xeCJK_NormalSpace_class_int=\XeTeXcharclass6
\c__xeCJK_CM_class_int=\XeTeXcharclass7
\c__xeCJK_HangulJamo_class_int=\XeTeXcharclass8
\l__xeCJK_last_skip=\skip52
\c__xeCJK_none_node=\count287
\g__xeCJK_node_int=\count288
\c__xeCJK_CJK_node_dim=\dimen154
\c__xeCJK_CJK-space_node_dim=\dimen155
\c__xeCJK_default_node_dim=\dimen156
\c__xeCJK_CJK-widow_node_dim=\dimen157
\c__xeCJK_normalspace_node_dim=\dimen158
\c__xeCJK_default-space_node_skip=\skip53
\l__xeCJK_ccglue_skip=\skip54
\l__xeCJK_ecglue_skip=\skip55
\l__xeCJK_punct_kern_skip=\skip56
\l__xeCJK_indent_box=\box54
\l__xeCJK_last_penalty_int=\count289
\l__xeCJK_last_bound_dim=\dimen159
\l__xeCJK_last_kern_dim=\dimen160
\l__xeCJK_widow_penalty_int=\count290

LaTeX template Info: Declaring template type 'xeCJK/punctuation' taking 0
(template)           argument(s) on line 2396.

\l__xeCJK_fixed_punct_width_dim=\dimen161
\l__xeCJK_mixed_punct_width_dim=\dimen162
\l__xeCJK_middle_punct_width_dim=\dimen163
\l__xeCJK_fixed_margin_width_dim=\dimen164
\l__xeCJK_mixed_margin_width_dim=\dimen165
\l__xeCJK_middle_margin_width_dim=\dimen166
\l__xeCJK_bound_punct_width_dim=\dimen167
\l__xeCJK_bound_margin_width_dim=\dimen168
\l__xeCJK_margin_minimum_dim=\dimen169
\l__xeCJK_kerning_total_width_dim=\dimen170
\l__xeCJK_same_align_margin_dim=\dimen171
\l__xeCJK_different_align_margin_dim=\dimen172
\l__xeCJK_kerning_margin_width_dim=\dimen173
\l__xeCJK_kerning_margin_minimum_dim=\dimen174
\l__xeCJK_bound_dim=\dimen175
\l__xeCJK_reverse_bound_dim=\dimen176
\l__xeCJK_margin_dim=\dimen177
\l__xeCJK_minimum_bound_dim=\dimen178
\l__xeCJK_kerning_margin_dim=\dimen179
\g__xeCJK_family_int=\count291
\l__xeCJK_fam_int=\count292
\g__xeCJK_fam_allocation_int=\count293
\l__xeCJK_verb_case_int=\count294
\l__xeCJK_verb_exspace_skip=\skip57

(e:/texlive/2026/texmf-dist/tex/latex/fontspec/fontspec.sty
(e:/texlive/2026/texmf-dist/tex/latex/l3packages/xparse/xparse.sty
Package: xparse 2025-10-09 L3 Experimental document command parser
)
Package: fontspec 2025/09/29 v2.9g Font selection for XeLaTeX and LuaLaTeX

(e:/texlive/2026/texmf-dist/tex/latex/fontspec/fontspec-xetex.sty
Package: fontspec-xetex 2025/09/29 v2.9g Font selection for XeLaTeX and LuaLaTe
X
\l__fontspec_script_int=\count295
\l__fontspec_language_int=\count296
\l__fontspec_strnum_int=\count297
\l__fontspec_tmp_int=\count298
\l__fontspec_tmpa_int=\count299
\l__fontspec_tmpb_int=\count300
\l__fontspec_tmpc_int=\count301
\l__fontspec_em_int=\count302
\l__fontspec_emdef_int=\count303
\l__fontspec_strong_int=\count304
\l__fontspec_strongdef_int=\count305
\l__fontspec_tmpa_dim=\dimen180
\l__fontspec_tmpb_dim=\dimen181
\l__fontspec_tmpc_dim=\dimen182

(e:/texlive/2026/texmf-dist/tex/latex/base/fontenc.sty
Package: fontenc 2025/07/18 v2.1d Standard LaTeX package
)
(e:/texlive/2026/texmf-dist/tex/latex/fontspec/fontspec.cfg)))
(e:/texlive/2026/texmf-dist/tex/xelatex/xecjk/xeCJK.cfg
File: xeCJK.cfg 2022/08/05 v3.9.1 Configuration file for xeCJK package
))
(e:/texlive/2026/texmf-dist/tex/latex/amsmath/amsmath.sty
Package: amsmath 2025/07/09 v2.17z AMS math features
\@mathmargin=\skip58

For additional information on amsmath, use the `?' option.
(e:/texlive/2026/texmf-dist/tex/latex/amsmath/amstext.sty
Package: amstext 2024/11/17 v2.01 AMS text

(e:/texlive/2026/texmf-dist/tex/latex/amsmath/amsgen.sty
File: amsgen.sty 1999/11/30 v2.0 generic functions
\@emptytoks=\toks17
\ex@=\dimen183
))
(e:/texlive/2026/texmf-dist/tex/latex/amsmath/amsbsy.sty
Package: amsbsy 1999/11/29 v1.2d Bold Symbols
\pmbraise@=\dimen184
)
(e:/texlive/2026/texmf-dist/tex/latex/amsmath/amsopn.sty
Package: amsopn 2022/04/08 v2.04 operator names
)
\inf@bad=\count306
LaTeX Info: Redefining \frac on input line 233.
\uproot@=\count307
\leftroot@=\count308
LaTeX Info: Redefining \overline on input line 398.
LaTeX Info: Redefining \colon on input line 409.
\classnum@=\count309
\DOTSCASE@=\count310
LaTeX Info: Redefining \ldots on input line 495.
LaTeX Info: Redefining \dots on input line 498.
LaTeX Info: Redefining \cdots on input line 619.
\Mathstrutbox@=\box55
\strutbox@=\box56
LaTeX Info: Redefining \big on input line 721.
LaTeX Info: Redefining \Big on input line 722.
LaTeX Info: Redefining \bigg on input line 723.
LaTeX Info: Redefining \Bigg on input line 724.
\big@size=\dimen185
LaTeX Font Info:    Redeclaring font encoding OML on input line 742.
LaTeX Font Info:    Redeclaring font encoding OMS on input line 743.
\macc@depth=\count311
LaTeX Info: Redefining \bmod on input line 904.
LaTeX Info: Redefining \pmod on input line 909.
LaTeX Info: Redefining \smash on input line 939.
LaTeX Info: Redefining \relbar on input line 969.
LaTeX Info: Redefining \Relbar on input line 970.
\c@MaxMatrixCols=\count312
\dotsspace@=\muskip17
\c@parentequation=\count313
\dspbrk@lvl=\count314
\tag@help=\toks18
\row@=\count315
\column@=\count316
\maxfields@=\count317
\andhelp@=\toks19
\eqnshift@=\dimen186
\alignsep@=\dimen187
\tagshift@=\dimen188
\tagwidth@=\dimen189
\totwidth@=\dimen190
\lineht@=\dimen191
\@envbody=\toks20
\multlinegap=\skip59
\multlinetaggap=\skip60
\mathdisplay@stack=\toks21
LaTeX Info: Redefining \[ on input line 2950.
LaTeX Info: Redefining \] on input line 2951.
)
(e:/texlive/2026/texmf-dist/tex/latex/amsfonts/amssymb.sty
Package: amssymb 2013/01/14 v3.01 AMS font symbols

(e:/texlive/2026/texmf-dist/tex/latex/amsfonts/amsfonts.sty
Package: amsfonts 2013/01/14 v3.01 Basic AMSFonts support
\symAMSa=\mathgroup4
\symAMSb=\mathgroup5
LaTeX Font Info:    Redeclaring math symbol \hbar on input line 98.
LaTeX Font Info:    Overwriting math alphabet `\mathfrak' in version `bold'
(Font)                  U/euf/m/n --> U/euf/b/n on input line 106.
))
(e:/texlive/2026/texmf-dist/tex/generic/babel/babel.sty
Package: babel 2026/04/15 v26.6 The multilingual framework for LuaLaTeX, pdfLaT
eX and XeLaTeX
\babel@savecnt=\count318
LaTeX Encoding Info:    Redeclaring text command \ij (encoding OT1) on input li
ne 2078.
LaTeX Encoding Info:    Redeclaring text command \IJ (encoding OT1) on input li
ne 2080.
LaTeX Encoding Info:    Redeclaring text command \ij (encoding T1) on input lin
e 2082.
LaTeX Encoding Info:    Redeclaring text command \IJ (encoding T1) on input lin
e 2083.
LaTeX Encoding Info:    Ignoring declaration for text command \ij (encoding ?) 
on input line 2084.
LaTeX Encoding Info:    Ignoring declaration for text command \IJ (encoding ?) 
on input line 2086.
LaTeX Encoding Info:    Ignoring declaration for text command \SS (encoding ?) 
on input line 2111.
\U@D=\dimen192
\l@unhyphenated=\language91

(e:/texlive/2026/texmf-dist/tex/generic/babel/xebabel.def)
\bbl@readstream=\read2
\bbl@dirlevel=\count319

(e:/texlive/2026/texmf-dist/tex/generic/babel/locale/en/babel-english.tex)
Package babel Info: Importing font and identification data for english
(babel)             from babel-en.ini. Reported on input line 4330.

(e:/texlive/2026/texmf-dist/tex/generic/babel-english/english.ldf
Language: english 2017/06/06 v3.3r English support from the babel system
Package babel Info: Hyphen rules for 'canadian' set to \l@english
(babel)             (\language0). Reported on input line 102.
Package babel Info: Hyphen rules for 'australian' set to \l@ukenglish
(babel)             (\language22). Reported on input line 105.
Package babel Info: Hyphen rules for 'newzealand' set to \l@ukenglish
(babel)             (\language22). Reported on input line 108.
))

Package fontspec Info: 
(fontspec)             Font family 'FreeSerif(0)' created for font 'FreeSerif'
(fontspec)             with options [Ligatures=TeX,Extension =
(fontspec)             .otf,UprightFont = *,ItalicFont = *Italic,BoldFont =
(fontspec)             *Bold,BoldItalicFont = *BoldItalic].
(fontspec)              
(fontspec)              This font family consists of the following NFSS
(fontspec)             series/shapes:
(fontspec)              
(fontspec)             - 'normal' (m/n) with NFSS spec.:
(fontspec)             <->"[FreeSerif.otf]/OT:script=latn;language=dflt;mapping
=tex-text;"
(fontspec)             - 'small caps'  (m/sc) with NFSS spec.:
(fontspec)             <->"[FreeSerif.otf]/OT:script=latn;language=dflt;+smcp;m
apping=tex-text;"
(fontspec)             - 'bold' (b/n) with NFSS spec.:
(fontspec)             <->"[FreeSerifBold.otf]/OT:script=latn;language=dflt;map
ping=tex-text;"
(fontspec)             - 'bold small caps'  (b/sc) with NFSS spec.:
(fontspec)             <->"[FreeSerifBold.otf]/OT:script=latn;language=dflt;+sm
cp;mapping=tex-text;"
(fontspec)             - 'italic' (m/it) with NFSS spec.:
(fontspec)             <->"[FreeSerifItalic.otf]/OT:script=latn;language=dflt;m
apping=tex-text;"
(fontspec)             - 'bold italic' (b/it) with NFSS spec.:
(fontspec)             <->"[FreeSerifBoldItalic.otf]/OT:script=latn;language=df
lt;mapping=tex-text;"


Package fontspec Info: 
(fontspec)             Font family 'FreeSans(0)' created for font 'FreeSans'
(fontspec)             with options [Ligatures=TeX,Extension =
(fontspec)             .otf,UprightFont = *,ItalicFont = *Oblique,BoldFont =
(fontspec)             *Bold,BoldItalicFont = *BoldOblique].
(fontspec)              
(fontspec)              This font family consists of the following NFSS
(fontspec)             series/shapes:
(fontspec)              
(fontspec)             - 'normal' (m/n) with NFSS spec.:
(fontspec)             <->"[FreeSans.otf]/OT:script=latn;language=dflt;mapping=
tex-text;"
(fontspec)             - 'small caps'  (m/sc) with NFSS spec.:
(fontspec)             <->"[FreeSans.otf]/OT:script=latn;language=dflt;+smcp;ma
pping=tex-text;"
(fontspec)             - 'bold' (b/n) with NFSS spec.:
(fontspec)             <->"[FreeSansBold.otf]/OT:script=latn;language=dflt;mapp
ing=tex-text;"
(fontspec)             - 'bold small caps'  (b/sc) with NFSS spec.:
(fontspec)             <->"[FreeSansBold.otf]/OT:script=latn;language=dflt;+smc
p;mapping=tex-text;"
(fontspec)             - 'italic' (m/it) with NFSS spec.:
(fontspec)             <->"[FreeSansOblique.otf]/OT:script=latn;language=dflt;m
apping=tex-text;"
(fontspec)             - 'bold italic' (b/it) with NFSS spec.:
(fontspec)             <->"[FreeSansBoldOblique.otf]/OT:script=latn;language=df
lt;mapping=tex-text;"


Package fontspec Info: 
(fontspec)             FreeMono scale = 0.9.


Package fontspec Info: 
(fontspec)             FreeMono scale = 0.9.


Package fontspec Info: 
(fontspec)             FreeMonoBold scale = 0.9.


Package fontspec Info: 
(fontspec)             FreeMonoOblique scale = 0.9.


Package fontspec Info: 
(fontspec)             FreeMonoBoldOblique scale = 0.9.


Package fontspec Info: 
(fontspec)             Font family 'FreeMono(0)' created for font 'FreeMono'
(fontspec)             with options
(fontspec)             [WordSpace={1,0,0},HyphenChar=None,PunctuationSpace=Word
Space,Scale=0.9,Extension
(fontspec)             = .otf,UprightFont = *,ItalicFont = *Oblique,BoldFont =
(fontspec)             *Bold,BoldItalicFont = *BoldOblique].
(fontspec)              
(fontspec)              This font family consists of the following NFSS
(fontspec)             series/shapes:
(fontspec)              
(fontspec)             - 'normal' (m/n) with NFSS spec.:
(fontspec)             <->s*[0.9]"[FreeMono.otf]/OT:script=latn;language=dflt;"

(fontspec)             - 'bold' (b/n) with NFSS spec.:
(fontspec)             <->s*[0.9]"[FreeMonoBold.otf]/OT:script=latn;language=df
lt;"
(fontspec)             - 'italic' (m/it) with NFSS spec.:
(fontspec)             <->s*[0.9]"[FreeMonoOblique.otf]/OT:script=latn;language
=dflt;"
(fontspec)             - 'bold italic' (b/it) with NFSS spec.:
(fontspec)             <->s*[0.9]"[FreeMonoBoldOblique.otf]/OT:script=latn;lang
uage=dflt;"


(e:/texlive/2026/texmf-dist/tex/latex/fncychap/fncychap.sty
Package: fncychap 2007/07/30 v1.34 LaTeX package (Revised chapters)
\RW=\skip61
\mylen=\skip62
\myhi=\skip63
\px=\skip64
\py=\skip65
\pyy=\skip66
\pxx=\skip67
) (./sphinx.sty
Package: sphinx 2025/12/26 v9.1.0 Sphinx LaTeX package (sphinx-doc)

(e:/texlive/2026/texmf-dist/tex/generic/ltxcmds/ltxcmds.sty
Package: ltxcmds 2023-12-04 v1.26 LaTeX kernel commands for general use (HO)
)
(e:/texlive/2026/texmf-dist/tex/latex/xcolor/xcolor.sty
Package: xcolor 2024/09/29 v3.02 LaTeX color extensions (UK)

(e:/texlive/2026/texmf-dist/tex/latex/graphics-cfg/color.cfg
File: color.cfg 2016/01/02 v1.6 sample color configuration
)
Package xcolor Info: Driver file: xetex.def on input line 274.

(e:/texlive/2026/texmf-dist/tex/latex/graphics-def/xetex.def
File: xetex.def 2025/11/01 v5.0p Graphics/color driver for xetex
)
(e:/texlive/2026/texmf-dist/tex/latex/graphics/mathcolor.ltx)
Package xcolor Info: Model `cmy' substituted by `cmy0' on input line 1349.
Package xcolor Info: Model `RGB' extended on input line 1365.
Package xcolor Info: Model `HTML' substituted by `rgb' on input line 1367.
Package xcolor Info: Model `Hsb' substituted by `hsb' on input line 1368.
Package xcolor Info: Model `tHsb' substituted by `hsb' on input line 1369.
Package xcolor Info: Model `HSB' substituted by `hsb' on input line 1370.
Package xcolor Info: Model `Gray' substituted by `gray' on input line 1371.
Package xcolor Info: Model `wave' substituted by `hsb' on input line 1372.
)
(e:/texlive/2026/texmf-dist/tex/latex/kvoptions/kvoptions.sty
Package: kvoptions 2022-06-15 v3.15 Key value format for package options (HO)

(e:/texlive/2026/texmf-dist/tex/latex/graphics/keyval.sty
Package: keyval 2022/05/29 v1.15 key=value parser (DPC)
\KV@toks@=\toks22
)
(e:/texlive/2026/texmf-dist/tex/latex/kvsetkeys/kvsetkeys.sty
Package: kvsetkeys 2022-10-05 v1.19 Key value parser (HO)
))
(./sphinxoptionshyperref.sty
Package: sphinxoptionshyperref 2021/01/27 hyperref
) (./sphinxoptionsgeometry.sty
Package: sphinxoptionsgeometry 2021/01/27 geometry
)
(e:/texlive/2026/texmf-dist/tex/latex/base/textcomp.sty
Package: textcomp 2024/04/24 v2.1b Standard LaTeX package
)
(e:/texlive/2026/texmf-dist/tex/latex/float/float.sty
Package: float 2001/11/08 v1.3d Float enhancements (AL)
\c@float@type=\count320
\float@exts=\toks23
\float@box=\box57
\@float@everytoks=\toks24
\@floatcapt=\box58
)
(e:/texlive/2026/texmf-dist/tex/latex/wrapfig/wrapfig.sty
\wrapoverhang=\dimen193
\WF@size=\dimen194
\c@WF@wrappedlines=\count321
\WF@box=\box59
\WF@everypar=\toks25
Package: wrapfig 2003/01/31  v 3.6
)
(e:/texlive/2026/texmf-dist/tex/latex/capt-of/capt-of.sty
Package: capt-of 2009/12/29 v0.2 standard captions outside of floats
)
(e:/texlive/2026/texmf-dist/tex/latex/tools/multicol.sty
Package: multicol 2025/10/21 v2.0b multicolumn formatting (FMi)
\c@tracingmulticols=\count322
\mult@box=\box60
\multicol@leftmargin=\dimen195
\c@unbalance=\count323
\c@collectmore=\count324
\doublecol@number=\count325
\multicoltolerance=\count326
\multicolpretolerance=\count327
\full@width=\dimen196
\page@free=\dimen197
\premulticols=\dimen198
\postmulticols=\dimen199
\multicolsep=\skip68
\multicolbaselineskip=\skip69
\partial@page=\box61
\last@line=\box62
\mc@boxedresult=\box63
\maxbalancingoverflow=\dimen256
\mult@rightbox=\box64
\mult@grightbox=\box65
\mult@firstbox=\box66
\mult@gfirstbox=\box67
\@tempa=\box68
\@tempa=\box69
\@tempa=\box70
\@tempa=\box71
\@tempa=\box72
\@tempa=\box73
\@tempa=\box74
\@tempa=\box75
\@tempa=\box76
\@tempa=\box77
\@tempa=\box78
\@tempa=\box79
\@tempa=\box80
\@tempa=\box81
\@tempa=\box82
\@tempa=\box83
\@tempa=\box84
\@tempa=\box85
\@tempa=\box86
\@tempa=\box87
\@tempa=\box88
\@tempa=\box89
\@tempa=\box90
\@tempa=\box91
\@tempa=\box92
\@tempa=\box93
\@tempa=\box94
\@tempa=\box95
\@tempa=\box96
\@tempa=\box97
\@tempa=\box98
\@tempa=\box99
\@tempa=\box100
\@tempa=\box101
\@tempa=\box102
\@tempa=\box103
\c@minrows=\count328
\c@columnbadness=\count329
\c@finalcolumnbadness=\count330
\last@try=\dimen257
\multicolovershoot=\dimen258
\multicolundershoot=\dimen259
\mult@nat@firstbox=\box104
\colbreak@box=\box105
\mc@col@check@num=\count331
\g__mc_curr_col_int=\count332
)
(e:/texlive/2026/texmf-dist/tex/latex/graphics/graphicx.sty
Package: graphicx 2024/12/31 v1.2e Enhanced LaTeX Graphics (DPC,SPQR)

(e:/texlive/2026/texmf-dist/tex/latex/graphics/graphics.sty
Package: graphics 2024/08/06 v1.4g Standard LaTeX Graphics (DPC,SPQR)

(e:/texlive/2026/texmf-dist/tex/latex/graphics/trig.sty
Package: trig 2023/12/02 v1.11 sin cos tan (DPC)
)
(e:/texlive/2026/texmf-dist/tex/latex/graphics-cfg/graphics.cfg
File: graphics.cfg 2016/06/04 v1.11 sample graphics configuration
)
Package graphics Info: Driver file: xetex.def on input line 106.
)
\Gin@req@height=\dimen260
\Gin@req@width=\dimen261
)
(./sphinxlatexgraphics.sty
Package: sphinxlatexgraphics 2024/08/13 v8.1.0 graphics
\spx@image@maxheight=\dimen262
\spx@image@box=\box106
) (./sphinxpackageboxes.sty
Package: sphinxpackageboxes 2024/07/01 v7.4.0 advanced colored boxes

(e:/texlive/2026/texmf-dist/tex/latex/pict2e/pict2e.sty
Package: pict2e 2020/09/30 v0.4b Improved picture commands (HjG,RN,JT)

(e:/texlive/2026/texmf-dist/tex/latex/pict2e/pict2e.cfg
File: pict2e.cfg 2016/02/05 v0.1u pict2e configuration for teTeX/TeXLive
)
Package pict2e Info: Driver file: xetex.def on input line 112.
Package pict2e Info: Driver file for pict2e: p2e-xetex.def on input line 114.

(e:/texlive/2026/texmf-dist/tex/latex/pict2e/p2e-xetex.def
File: p2e-xetex.def 2016/02/05 v0.1u Driver-dependant file (RN,HjG,JT)
)
\pIIe@GRAPH=\toks26
\@arclen=\dimen263
\@arcrad=\dimen264
\pIIe@tempdima=\dimen265
\pIIe@tempdimb=\dimen266
\pIIe@tempdimc=\dimen267
\pIIe@tempdimd=\dimen268
\pIIe@tempdime=\dimen269
\pIIe@tempdimf=\dimen270
)
(e:/texlive/2026/texmf-dist/tex/latex/ellipse/ellipse.sty
Package: ellipse 2004/11/05 v1.0 .dtx ellipse file
)
\@tempdimd=\dimen271
\spx@tempboxa=\box107
\spx@tempboxb=\box108
\spx@boxes@border@top=\dimen272
\spx@boxes@border@right=\dimen273
\spx@boxes@border@bottom=\dimen274
\spx@boxes@border@left=\dimen275
\spx@boxes@padding@top=\dimen276
\spx@boxes@padding@right=\dimen277
\spx@boxes@padding@bottom=\dimen278
\spx@boxes@padding@left=\dimen279
\spx@boxes@shadow@xoffset=\dimen280
\spx@boxes@shadow@yoffset=\dimen281
\spx@boxes@radius@topleft@x=\dimen282
\spx@boxes@radius@topright@x=\dimen283
\spx@boxes@radius@bottomright@x=\dimen284
\spx@boxes@radius@bottomleft@x=\dimen285
\spx@boxes@radius@topleft@y=\dimen286
\spx@boxes@radius@topright@y=\dimen287
\spx@boxes@radius@bottomright@y=\dimen288
\spx@boxes@radius@bottomleft@y=\dimen289
)
(./sphinxlatexadmonitions.sty
Package: sphinxlatexadmonitions 2025/10/24 v9.0.0 admonitions

(e:/texlive/2026/texmf-dist/tex/latex/framed/framed.sty
Package: framed 2011/10/22 v 0.96: framed or shaded text with page breaks
\OuterFrameSep=\skip70
\fb@frw=\dimen290
\fb@frh=\dimen291
\FrameRule=\dimen292
\FrameSep=\dimen293
)
(e:/texlive/2026/texmf-dist/tex/latex/needspace/needspace.sty
Package: needspace 2025/03/13 v1.3e reserve vertical space
)
(./sphinxpackagefootnote.sty
Package: sphinxpackagefootnote 2025/11/15 v9.0.0 Sphinx custom footnotehyper pa
ckage (Sphinx team)
\FNH@notes=\box109
\FNH@toks=\toks27
\FNH@width=\dimen294
\c@sphinxfootnotemark=\count333
)
\spx@notice@border=\dimen295
\c@sphinxtodo=\count334
) (./sphinxlatexliterals.sty
Package: sphinxlatexliterals 2025/12/26 v9.1.0 code-blocks and parsed literals

(e:/texlive/2026/texmf-dist/tex/latex/fancyvrb/fancyvrb.sty
Package: fancyvrb 2025/07/28 4.6 verbatim text (tvz,hv)
\FV@CodeLineNo=\count335
\FV@InFile=\read3
\FV@TabBox=\box110
\c@FancyVerbLine=\count336
\FV@StepNumber=\count337
\FV@OutFile=\write3
)
(e:/texlive/2026/texmf-dist/tex/latex/base/alltt.sty
Package: alltt 2024/07/07 v2.0g defines alltt environment
)
(e:/texlive/2026/texmf-dist/tex/latex/upquote/upquote.sty
Package: upquote 2012/04/19 v1.3 upright-quote and grave-accent glyphs in verba
tim
)
\sphinxcontinuationbox=\box111
\sphinxvisiblespacebox=\box112
\sphinxVerbatim@TitleBox=\box113
\sphinxVerbatim@ContentsBox=\box114
)
(./sphinxlatexshadowbox.sty
Package: sphinxlatexshadowbox 2024/07/28 v8.1.0 sphinxShadowBox
) (./sphinxlatexcontainers.sty
Package: sphinxlatexcontainers 2021/05/03 containers
)
(./sphinxhighlight.sty
Package: sphinxhighlight 2022/06/30 stylesheet for highlighting with pygments
) (./sphinxlatextables.sty
Package: sphinxlatextables 2025/12/30 v9.1.0 tables

(e:/texlive/2026/texmf-dist/tex/latex/tabulary/tabulary.sty
Package: tabulary 2024/06/04 v0.11 tabulary package (DPC)

(e:/texlive/2026/texmf-dist/tex/latex/tools/array.sty
Package: array 2025/09/25 v2.6n Tabular extension package (FMi)
\col@sep=\dimen296
\ar@mcellbox=\box115
\extrarowheight=\dimen297
\NC@list=\toks28
\extratabsurround=\skip71
\backup@length=\skip72
\ar@cellbox=\box116
)
\TY@count=\count338
\TY@linewidth=\dimen298
\tymin=\dimen299
\tymax=\dimen300
\TY@tablewidth=\dimen301
)
(e:/texlive/2026/texmf-dist/tex/latex/tools/longtable.sty
Package: longtable 2025-10-13 v4.24 Multi-page Table package (DPC)
\LTleft=\skip73
\LTright=\skip74
\LTpre=\skip75
\LTpost=\skip76
\LTchunksize=\count339
\LTcapwidth=\dimen302
\LT@head=\box117
\LT@firsthead=\box118
\LT@foot=\box119
\LT@lastfoot=\box120
\LT@gbox=\box121
\LT@cols=\count340
\LT@rows=\count341
\c@LT@tables=\count342
\c@LT@chunks=\count343
\LT@p@ftn=\toks29
)
(e:/texlive/2026/texmf-dist/tex/latex/varwidth/varwidth.sty
Package: varwidth 2009/03/30 ver 0.92;  Variable-width minipages
\@vwid@box=\box122
\sift@deathcycles=\count344
\@vwid@loff=\dimen303
\@vwid@roff=\dimen304
)
==> First Aid for varwidth.sty applied!
\sphinx@TY@tablewidth=\dimen305
(e:/texlive/2026/texmf-dist/tex/latex/colortbl/colortbl.sty
Package: colortbl 2024/10/29 v1.0k Color table columns (DPC)
\everycr=\toks30
\minrowclearance=\skip77
\rownum=\count345
)
(e:/texlive/2026/texmf-dist/tex/latex/booktabs/booktabs.sty
Package: booktabs 2020/01/12 v1.61803398 Publication quality tables
\heavyrulewidth=\dimen306
\lightrulewidth=\dimen307
\cmidrulewidth=\dimen308
\belowrulesep=\dimen309
\belowbottomsep=\dimen310
\aboverulesep=\dimen311
\abovetopsep=\dimen312
\cmidrulesep=\dimen313
\cmidrulekern=\dimen314
\defaultaddspace=\dimen315
\@cmidla=\count346
\@cmidlb=\count347
\@aboverulesep=\dimen316
\@belowrulesep=\dimen317
\@thisruleclass=\count348
\@lastruleclass=\count349
\@thisrulewidth=\dimen318
))
(./sphinxlatexnumfig.sty
Package: sphinxlatexnumfig 2024/07/31 v8.1.0 numbering
) (./sphinxlatexlists.sty
Package: sphinxlatexlists 2021/12/20 lists
\spx@lineitemlabel=\toks31
)
\c@sphinxscope=\count350
 (./sphinxlatexindbibtoc.sty
Package: sphinxlatexindbibtoc 2021/01/27 index, bib., toc

(e:/texlive/2026/texmf-dist/tex/latex/base/makeidx.sty
Package: makeidx 2021/10/04 v1.0m Standard LaTeX package
))
(./sphinxlatexstylepage.sty
Package: sphinxlatexstylepage 2021/01/27 page styling

(e:/texlive/2026/texmf-dist/tex/latex/parskip/parskip.sty
Package: parskip 2021-03-14 v2.0h non-zero parskip adjustments

(e:/texlive/2026/texmf-dist/tex/latex/etoolbox/etoolbox.sty
Package: etoolbox 2025/10/02 v2.5m e-TeX tools for LaTeX (JAW)
\etb@tempcnta=\count351
))
(e:/texlive/2026/texmf-dist/tex/latex/fancyhdr/fancyhdr.sty
Package: fancyhdr 2025/02/07 v5.2 Extensive control of page headers and footers

\f@nch@headwidth=\skip78
\f@nch@offset@elh=\skip79
\f@nch@offset@erh=\skip80
\f@nch@offset@olh=\skip81
\f@nch@offset@orh=\skip82
\f@nch@offset@elf=\skip83
\f@nch@offset@erf=\skip84
\f@nch@offset@olf=\skip85
\f@nch@offset@orf=\skip86
\f@nch@height=\skip87
\f@nch@footalignment=\skip88
\f@nch@widthL=\skip89
\f@nch@widthC=\skip90
\f@nch@widthR=\skip91
\@temptokenb=\toks32
))
(./sphinxlatexstyleheadings.sty
Package: sphinxlatexstyleheadings 2023/02/11 headings

(e:/texlive/2026/texmf-dist/tex/latex/titlesec/titlesec.sty
Package: titlesec 2025/01/04 v2.17 Sectioning titles
\ttl@box=\box123
\beforetitleunit=\skip92
\aftertitleunit=\skip93
\ttl@plus=\dimen319
\ttl@minus=\dimen320
\ttl@toksa=\toks33
\titlewidth=\dimen321
\titlewidthlast=\dimen322
\titlewidthfirst=\dimen323
))
(./sphinxlatexstyletext.sty
Package: sphinxlatexstyletext 2025/05/24 v9.0.0 text styling
) (./sphinxlatexobjects.sty
Package: sphinxlatexobjects 2025/06/06 documentation environments
\sphinxsignaturesep=\skip94
\sphinxsignaturelistskip=\skip95
\py@argswidth=\skip96
\lineblockindentation=\skip97
\DUlineblockindent=\skip98
)
\sphinxvwdimen=\dimen324
\sphinxvhdimen=\dimen325
\sphinxvmindimen=\dimen326
\sphinxvmaxdimen=\dimen327
\sphinxQdimen=\dimen328
)
(e:/texlive/2026/texmf-dist/tex/latex/geometry/geometry.sty
Package: geometry 2026/03/07 v6.0 Page Geometry

(e:/texlive/2026/texmf-dist/tex/generic/iftex/ifvtex.sty
Package: ifvtex 2019/10/25 v1.7 ifvtex legacy package. Use iftex instead.

(e:/texlive/2026/texmf-dist/tex/generic/iftex/iftex.sty
Package: iftex 2024/12/12 v1.0g TeX engine tests
))
\Gm@cnth=\count352
\Gm@cntv=\count353
\c@Gm@tempcnt=\count354
\Gm@bindingoffset=\dimen329
\Gm@wd@mp=\dimen330
\Gm@odd@mp=\dimen331
\Gm@even@mp=\dimen332
\Gm@layoutwidth=\dimen333
\Gm@layoutheight=\dimen334
\Gm@layouthoffset=\dimen335
\Gm@layoutvoffset=\dimen336
\Gm@dimlist=\toks34
)
(e:/texlive/2026/texmf-dist/tex/latex/hyperref/hyperref.sty
Package: hyperref 2026-01-29 v7.01p Hypertext links for LaTeX

(e:/texlive/2026/texmf-dist/tex/generic/kvdefinekeys/kvdefinekeys.sty
Package: kvdefinekeys 2019-12-19 v1.6 Define keys (HO)
)
(e:/texlive/2026/texmf-dist/tex/generic/pdfescape/pdfescape.sty
Package: pdfescape 2019/12/09 v1.15 Implements pdfTeX's escape features (HO)

(e:/texlive/2026/texmf-dist/tex/generic/pdftexcmds/pdftexcmds.sty
Package: pdftexcmds 2020-06-27 v0.33 Utility functions of pdfTeX for LuaTeX (HO
)

(e:/texlive/2026/texmf-dist/tex/generic/infwarerr/infwarerr.sty
Package: infwarerr 2019/12/03 v1.5 Providing info/warning/error messages (HO)
)
Package pdftexcmds Info: \pdf@primitive is available.
Package pdftexcmds Info: \pdf@ifprimitive is available.
Package pdftexcmds Info: \pdfdraftmode not found.
))
(e:/texlive/2026/texmf-dist/tex/latex/hycolor/hycolor.sty
Package: hycolor 2020-01-27 v1.10 Color options for hyperref/bookmark (HO)
)
(e:/texlive/2026/texmf-dist/tex/latex/hyperref/nameref.sty
Package: nameref 2026-01-29 v2.58 Cross-referencing by name of section

(e:/texlive/2026/texmf-dist/tex/latex/refcount/refcount.sty
Package: refcount 2019/12/15 v3.6 Data extraction from label references (HO)
)
(e:/texlive/2026/texmf-dist/tex/generic/gettitlestring/gettitlestring.sty
Package: gettitlestring 2019/12/15 v1.6 Cleanup title references (HO)
)
\c@section@level=\count355
)
(e:/texlive/2026/texmf-dist/tex/generic/stringenc/stringenc.sty
Package: stringenc 2019/11/29 v1.12 Convert strings between diff. encodings (HO
)
)
\@linkdim=\dimen337
\Hy@linkcounter=\count356
\Hy@pagecounter=\count357

(e:/texlive/2026/texmf-dist/tex/latex/hyperref/pd1enc.def
File: pd1enc.def 2026-01-29 v7.01p Hyperref: PDFDocEncoding definition (HO)
)
(e:/texlive/2026/texmf-dist/tex/generic/intcalc/intcalc.sty
Package: intcalc 2019/12/15 v1.3 Expandable calculations with integers (HO)
)
\Hy@SavedSpaceFactor=\count358

(e:/texlive/2026/texmf-dist/tex/latex/hyperref/puenc.def
File: puenc.def 2026-01-29 v7.01p Hyperref: PDF Unicode definition (HO)
)
Package hyperref Info: Option `unicode' set `true' on input line 4072.
Package hyperref Info: Option `colorlinks' set `true' on input line 4072.
Package hyperref Info: Option `breaklinks' set `true' on input line 4072.
Package hyperref Info: Hyper figures OFF on input line 4201.
Package hyperref Info: Link nesting OFF on input line 4206.
Package hyperref Info: Hyper index ON on input line 4209.
Package hyperref Info: Plain pages OFF on input line 4216.
Package hyperref Info: Backreferencing OFF on input line 4221.
Package hyperref Info: Implicit mode ON; LaTeX internals redefined.
Package hyperref Info: Bookmarks ON on input line 4468.
\c@Hy@tempcnt=\count359

(e:/texlive/2026/texmf-dist/tex/latex/url/url.sty
\Urlmuskip=\muskip18
Package: url 2013/09/16  ver 3.4  Verb mode for urls, etc.
)
LaTeX Info: Redefining \url on input line 4807.
\XeTeXLinkMargin=\dimen338

(e:/texlive/2026/texmf-dist/tex/generic/bitset/bitset.sty
Package: bitset 2019/12/09 v1.3 Handle bit-vector datatype (HO)

(e:/texlive/2026/texmf-dist/tex/generic/bigintcalc/bigintcalc.sty
Package: bigintcalc 2019/12/15 v1.5 Expandable calculations on big integers (HO
)
))
\Fld@menulength=\count360
\Field@Width=\dimen339
\Fld@charsize=\dimen340
Package hyperref Info: Hyper figures OFF on input line 6084.
Package hyperref Info: Link nesting OFF on input line 6089.
Package hyperref Info: Hyper index ON on input line 6092.
Package hyperref Info: backreferencing OFF on input line 6099.
Package hyperref Info: Link coloring ON on input line 6102.
Package hyperref Info: Link coloring with OCG OFF on input line 6109.
Package hyperref Info: PDF/A mode OFF on input line 6114.
\Hy@abspage=\count361
\c@Item=\count362
\c@Hfootnote=\count363
)
Package hyperref Info: Driver (autodetected): hxetex.

(e:/texlive/2026/texmf-dist/tex/latex/hyperref/hxetex.def
File: hxetex.def 2026-01-29 v7.01p Hyperref driver for XeTeX
\pdfm@box=\box124
\c@Hy@AnnotLevel=\count364
\HyField@AnnotCount=\count365
\Fld@listcount=\count366
\c@bookmark@seq@number=\count367

(e:/texlive/2026/texmf-dist/tex/latex/rerunfilecheck/rerunfilecheck.sty
Package: rerunfilecheck 2025-06-21 v1.11 Rerun checks for auxiliary files (HO)

(e:/texlive/2026/texmf-dist/tex/generic/uniquecounter/uniquecounter.sty
Package: uniquecounter 2019/12/15 v1.4 Provide unlimited unique counter (HO)
)
Package uniquecounter Info: New unique counter `rerunfilecheck' on input line 2
84.
)
\Hy@SectionHShift=\skip99
)
(e:/texlive/2026/texmf-dist/tex/latex/hypcap/hypcap.sty
Package: hypcap 2024-07-26 v1.13 Adjusting the anchors of captions (HO)

(e:/texlive/2026/texmf-dist/tex/latex/letltxmacro/letltxmacro.sty
Package: letltxmacro 2019/12/03 v1.6 Let assignment for LaTeX macros (HO)
))
(./sphinxmessages.sty
Package: sphinxmessages 2019/01/04 v2.0 Localized LaTeX macros (Sphinx team)
) (e:/texlive/2026/texmf-dist/tex/latex/ctex/ctex.sty
Package: ctex 2022/07/14 v2.5.10 Chinese adapter in LaTeX (CTEX)

(e:/texlive/2026/texmf-dist/tex/latex/ctex/ctexpatch.sty
Package: ctexpatch 2022/07/14 v2.5.10 Patching commands (CTEX)
)
(e:/texlive/2026/texmf-dist/tex/latex/base/fix-cm.sty
Package: fix-cm 2020/11/24 v1.1t fixes to LaTeX

(e:/texlive/2026/texmf-dist/tex/latex/base/ts1enc.def
File: ts1enc.def 2001/06/05 v3.0e (jk/car/fm) Standard LaTeX file
LaTeX Font Info:    Redeclaring font encoding TS1 on input line 47.
LaTeX Encoding Info:    Redeclaring text command \capitalcedilla (encoding TS1)
 on input line 49.
LaTeX Encoding Info:    Redeclaring text command \capitalogonek (encoding TS1) 
on input line 52.
LaTeX Encoding Info:    Redeclaring text command \capitalgrave (encoding TS1) o
n input line 55.
LaTeX Encoding Info:    Redeclaring text command \capitalacute (encoding TS1) o
n input line 56.
LaTeX Encoding Info:    Redeclaring text command \capitalcircumflex (encoding T
S1) on input line 57.
LaTeX Encoding Info:    Redeclaring text command \capitaltilde (encoding TS1) o
n input line 58.
LaTeX Encoding Info:    Redeclaring text command \capitaldieresis (encoding TS1
) on input line 59.
LaTeX Encoding Info:    Redeclaring text command \capitalhungarumlaut (encoding
 TS1) on input line 60.
LaTeX Encoding Info:    Redeclaring text command \capitalring (encoding TS1) on
 input line 61.
LaTeX Encoding Info:    Redeclaring text command \capitalcaron (encoding TS1) o
n input line 62.
LaTeX Encoding Info:    Redeclaring text command \capitalbreve (encoding TS1) o
n input line 63.
LaTeX Encoding Info:    Redeclaring text command \capitalmacron (encoding TS1) 
on input line 64.
LaTeX Encoding Info:    Redeclaring text command \capitaldotaccent (encoding TS
1) on input line 65.
LaTeX Encoding Info:    Redeclaring text command \t (encoding TS1) on input lin
e 66.
LaTeX Encoding Info:    Redeclaring text command \capitaltie (encoding TS1) on 
input line 67.
LaTeX Encoding Info:    Redeclaring text command \newtie (encoding TS1) on inpu
t line 68.
LaTeX Encoding Info:    Redeclaring text command \capitalnewtie (encoding TS1) 
on input line 69.
LaTeX Encoding Info:    Redeclaring text symbol \textcapitalcompwordmark (encod
ing TS1) on input line 70.
LaTeX Encoding Info:    Redeclaring text symbol \textascendercompwordmark (enco
ding TS1) on input line 71.
LaTeX Encoding Info:    Redeclaring text symbol \textquotestraightbase (encodin
g TS1) on input line 72.
LaTeX Encoding Info:    Redeclaring text symbol \textquotestraightdblbase (enco
ding TS1) on input line 73.
LaTeX Encoding Info:    Redeclaring text symbol \texttwelveudash (encoding TS1)
 on input line 74.
LaTeX Encoding Info:    Redeclaring text symbol \textthreequartersemdash (encod
ing TS1) on input line 75.
LaTeX Encoding Info:    Redeclaring text symbol \textleftarrow (encoding TS1) o
n input line 76.
LaTeX Encoding Info:    Redeclaring text symbol \textrightarrow (encoding TS1) 
on input line 77.
LaTeX Encoding Info:    Redeclaring text symbol \textblank (encoding TS1) on in
put line 78.
LaTeX Encoding Info:    Redeclaring text symbol \textdollar (encoding TS1) on i
nput line 79.
LaTeX Encoding Info:    Redeclaring text symbol \textquotesingle (encoding TS1)
 on input line 80.
LaTeX Encoding Info:    Redeclaring text command \textasteriskcentered (encodin
g TS1) on input line 81.
LaTeX Encoding Info:    Redeclaring text symbol \textdblhyphen (encoding TS1) o
n input line 92.
LaTeX Encoding Info:    Redeclaring text symbol \textfractionsolidus (encoding 
TS1) on input line 93.
LaTeX Encoding Info:    Redeclaring text symbol \textzerooldstyle (encoding TS1
) on input line 94.
LaTeX Encoding Info:    Redeclaring text symbol \textoneoldstyle (encoding TS1)
 on input line 95.
LaTeX Encoding Info:    Redeclaring text symbol \texttwooldstyle (encoding TS1)
 on input line 96.
LaTeX Encoding Info:    Redeclaring text symbol \textthreeoldstyle (encoding TS
1) on input line 97.
LaTeX Encoding Info:    Redeclaring text symbol \textfouroldstyle (encoding TS1
) on input line 98.
LaTeX Encoding Info:    Redeclaring text symbol \textfiveoldstyle (encoding TS1
) on input line 99.
LaTeX Encoding Info:    Redeclaring text symbol \textsixoldstyle (encoding TS1)
 on input line 100.
LaTeX Encoding Info:    Redeclaring text symbol \textsevenoldstyle (encoding TS
1) on input line 101.
LaTeX Encoding Info:    Redeclaring text symbol \texteightoldstyle (encoding TS
1) on input line 102.
LaTeX Encoding Info:    Redeclaring text symbol \textnineoldstyle (encoding TS1
) on input line 103.
LaTeX Encoding Info:    Redeclaring text symbol \textlangle (encoding TS1) on i
nput line 104.
LaTeX Encoding Info:    Redeclaring text symbol \textminus (encoding TS1) on in
put line 105.
LaTeX Encoding Info:    Redeclaring text symbol \textrangle (encoding TS1) on i
nput line 106.
LaTeX Encoding Info:    Redeclaring text symbol \textmho (encoding TS1) on inpu
t line 107.
LaTeX Encoding Info:    Redeclaring text symbol \textbigcircle (encoding TS1) o
n input line 108.
LaTeX Encoding Info:    Redeclaring text command \textcircled (encoding TS1) on
 input line 109.
LaTeX Encoding Info:    Redeclaring text symbol \textohm (encoding TS1) on inpu
t line 115.
LaTeX Encoding Info:    Redeclaring text symbol \textlbrackdbl (encoding TS1) o
n input line 116.
LaTeX Encoding Info:    Redeclaring text symbol \textrbrackdbl (encoding TS1) o
n input line 117.
LaTeX Encoding Info:    Redeclaring text symbol \textuparrow (encoding TS1) on 
input line 118.
LaTeX Encoding Info:    Redeclaring text symbol \textdownarrow (encoding TS1) o
n input line 119.
LaTeX Encoding Info:    Redeclaring text symbol \textasciigrave (encoding TS1) 
on input line 120.
LaTeX Encoding Info:    Redeclaring text symbol \textborn (encoding TS1) on inp
ut line 121.
LaTeX Encoding Info:    Redeclaring text symbol \textdivorced (encoding TS1) on
 input line 122.
LaTeX Encoding Info:    Redeclaring text symbol \textdied (encoding TS1) on inp
ut line 123.
LaTeX Encoding Info:    Redeclaring text symbol \textleaf (encoding TS1) on inp
ut line 124.
LaTeX Encoding Info:    Redeclaring text symbol \textmarried (encoding TS1) on 
input line 125.
LaTeX Encoding Info:    Redeclaring text symbol \textmusicalnote (encoding TS1)
 on input line 126.
LaTeX Encoding Info:    Redeclaring text symbol \texttildelow (encoding TS1) on
 input line 127.
LaTeX Encoding Info:    Redeclaring text symbol \textdblhyphenchar (encoding TS
1) on input line 128.
LaTeX Encoding Info:    Redeclaring text symbol \textasciibreve (encoding TS1) 
on input line 129.
LaTeX Encoding Info:    Redeclaring text symbol \textasciicaron (encoding TS1) 
on input line 130.
LaTeX Encoding Info:    Redeclaring text symbol \textacutedbl (encoding TS1) on
 input line 131.
LaTeX Encoding Info:    Redeclaring text symbol \textgravedbl (encoding TS1) on
 input line 132.
LaTeX Encoding Info:    Redeclaring text symbol \textdagger (encoding TS1) on i
nput line 133.
LaTeX Encoding Info:    Redeclaring text symbol \textdaggerdbl (encoding TS1) o
n input line 134.
LaTeX Encoding Info:    Redeclaring text symbol \textbardbl (encoding TS1) on i
nput line 135.
LaTeX Encoding Info:    Redeclaring text symbol \textperthousand (encoding TS1)
 on input line 136.
LaTeX Encoding Info:    Redeclaring text symbol \textbullet (encoding TS1) on i
nput line 137.
LaTeX Encoding Info:    Redeclaring text symbol \textcelsius (encoding TS1) on 
input line 138.
LaTeX Encoding Info:    Redeclaring text symbol \textdollaroldstyle (encoding T
S1) on input line 139.
LaTeX Encoding Info:    Redeclaring text symbol \textcentoldstyle (encoding TS1
) on input line 140.
LaTeX Encoding Info:    Redeclaring text symbol \textflorin (encoding TS1) on i
nput line 141.
LaTeX Encoding Info:    Redeclaring text symbol \textcolonmonetary (encoding TS
1) on input line 142.
LaTeX Encoding Info:    Redeclaring text symbol \textwon (encoding TS1) on inpu
t line 143.
LaTeX Encoding Info:    Redeclaring text symbol \textnaira (encoding TS1) on in
put line 144.
LaTeX Encoding Info:    Redeclaring text symbol \textguarani (encoding TS1) on 
input line 145.
LaTeX Encoding Info:    Redeclaring text symbol \textpeso (encoding TS1) on inp
ut line 146.
LaTeX Encoding Info:    Redeclaring text symbol \textlira (encoding TS1) on inp
ut line 147.
LaTeX Encoding Info:    Redeclaring text symbol \textrecipe (encoding TS1) on i
nput line 148.
LaTeX Encoding Info:    Redeclaring text symbol \textinterrobang (encoding TS1)
 on input line 149.
LaTeX Encoding Info:    Redeclaring text symbol \textinterrobangdown (encoding 
TS1) on input line 150.
LaTeX Encoding Info:    Redeclaring text symbol \textdong (encoding TS1) on inp
ut line 151.
LaTeX Encoding Info:    Redeclaring text symbol \texttrademark (encoding TS1) o
n input line 152.
LaTeX Encoding Info:    Redeclaring text symbol \textpertenthousand (encoding T
S1) on input line 153.
LaTeX Encoding Info:    Redeclaring text symbol \textpilcrow (encoding TS1) on 
input line 154.
LaTeX Encoding Info:    Redeclaring text symbol \textbaht (encoding TS1) on inp
ut line 155.
LaTeX Encoding Info:    Redeclaring text symbol \textnumero (encoding TS1) on i
nput line 156.
LaTeX Encoding Info:    Redeclaring text symbol \textdiscount (encoding TS1) on
 input line 157.
LaTeX Encoding Info:    Redeclaring text symbol \textestimated (encoding TS1) o
n input line 158.
LaTeX Encoding Info:    Redeclaring text symbol \textopenbullet (encoding TS1) 
on input line 159.
LaTeX Encoding Info:    Redeclaring text symbol \textservicemark (encoding TS1)
 on input line 160.
LaTeX Encoding Info:    Redeclaring text symbol \textlquill (encoding TS1) on i
nput line 161.
LaTeX Encoding Info:    Redeclaring text symbol \textrquill (encoding TS1) on i
nput line 162.
LaTeX Encoding Info:    Redeclaring text symbol \textcent (encoding TS1) on inp
ut line 163.
LaTeX Encoding Info:    Redeclaring text symbol \textsterling (encoding TS1) on
 input line 164.
LaTeX Encoding Info:    Redeclaring text symbol \textcurrency (encoding TS1) on
 input line 165.
LaTeX Encoding Info:    Redeclaring text symbol \textyen (encoding TS1) on inpu
t line 166.
LaTeX Encoding Info:    Redeclaring text symbol \textbrokenbar (encoding TS1) o
n input line 167.
LaTeX Encoding Info:    Redeclaring text symbol \textsection (encoding TS1) on 
input line 168.
LaTeX Encoding Info:    Redeclaring text symbol \textasciidieresis (encoding TS
1) on input line 169.
LaTeX Encoding Info:    Redeclaring text symbol \textcopyright (encoding TS1) o
n input line 170.
LaTeX Encoding Info:    Redeclaring text symbol \textordfeminine (encoding TS1)
 on input line 171.
LaTeX Encoding Info:    Redeclaring text symbol \textcopyleft (encoding TS1) on
 input line 172.
LaTeX Encoding Info:    Redeclaring text symbol \textlnot (encoding TS1) on inp
ut line 173.
LaTeX Encoding Info:    Redeclaring text symbol \textcircledP (encoding TS1) on
 input line 174.
LaTeX Encoding Info:    Redeclaring text symbol \textregistered (encoding TS1) 
on input line 175.
LaTeX Encoding Info:    Redeclaring text symbol \textasciimacron (encoding TS1)
 on input line 176.
LaTeX Encoding Info:    Redeclaring text symbol \textdegree (encoding TS1) on i
nput line 177.
LaTeX Encoding Info:    Redeclaring text symbol \textpm (encoding TS1) on input
 line 178.
LaTeX Encoding Info:    Redeclaring text symbol \texttwosuperior (encoding TS1)
 on input line 179.
LaTeX Encoding Info:    Redeclaring text symbol \textthreesuperior (encoding TS
1) on input line 180.
LaTeX Encoding Info:    Redeclaring text symbol \textasciiacute (encoding TS1) 
on input line 181.
LaTeX Encoding Info:    Redeclaring text symbol \textmu (encoding TS1) on input
 line 182.
LaTeX Encoding Info:    Redeclaring text symbol \textparagraph (encoding TS1) o
n input line 183.
LaTeX Encoding Info:    Redeclaring text symbol \textperiodcentered (encoding T
S1) on input line 184.
LaTeX Encoding Info:    Redeclaring text symbol \textreferencemark (encoding TS
1) on input line 185.
LaTeX Encoding Info:    Redeclaring text symbol \textonesuperior (encoding TS1)
 on input line 186.
LaTeX Encoding Info:    Redeclaring text symbol \textordmasculine (encoding TS1
) on input line 187.
LaTeX Encoding Info:    Redeclaring text symbol \textsurd (encoding TS1) on inp
ut line 188.
LaTeX Encoding Info:    Redeclaring text symbol \textonequarter (encoding TS1) 
on input line 189.
LaTeX Encoding Info:    Redeclaring text symbol \textonehalf (encoding TS1) on 
input line 190.
LaTeX Encoding Info:    Redeclaring text symbol \textthreequarters (encoding TS
1) on input line 191.
LaTeX Encoding Info:    Redeclaring text symbol \texteuro (encoding TS1) on inp
ut line 192.
LaTeX Encoding Info:    Redeclaring text symbol \texttimes (encoding TS1) on in
put line 193.
LaTeX Encoding Info:    Redeclaring text symbol \textdiv (encoding TS1) on inpu
t line 194.
))
\l__ctex_tmp_int=\count368
\l__ctex_tmp_box=\box125
\l__ctex_tmp_dim=\dimen341
\g__ctex_section_depth_int=\count369
\g__ctex_font_size_int=\count370

(e:/texlive/2026/texmf-dist/tex/latex/ctex/config/ctexopts.cfg
File: ctexopts.cfg 2022/07/14 v2.5.10 Option configuration file (CTEX)
)
(e:/texlive/2026/texmf-dist/tex/latex/ctex/engine/ctex-engine-xetex.def
File: ctex-engine-xetex.def 2022/07/14 v2.5.10 XeLaTeX adapter (CTEX)
\ccwd=\dimen342
\l__ctex_ccglue_skip=\skip100
)
\l__ctex_ziju_dim=\dimen343

(e:/texlive/2026/texmf-dist/tex/latex/zhnumber/zhnumber.sty
Package: zhnumber 2022/07/14 v3.0 Typesetting numbers with Chinese glyphs
\l__zhnum_scale_int=\count371
\l__zhnum_tmp_int=\count372

(e:/texlive/2026/texmf-dist/tex/latex/zhnumber/zhnumber-utf8.cfg
File: zhnumber-utf8.cfg 2022/07/14 v3.0 Chinese numerals with UTF8 encoding
))
(e:/texlive/2026/texmf-dist/tex/latex/ctex/scheme/ctex-scheme-chinese.def
File: ctex-scheme-chinese.def 2022/07/14 v2.5.10 Chinese scheme for generic (CT
EX)

(e:/texlive/2026/texmf-dist/tex/latex/ctex/config/ctex-name-utf8.cfg
File: ctex-name-utf8.cfg 2022/07/14 v2.5.10 Caption with encoding UTF-8 (CTEX)
))
(e:/texlive/2026/texmf-dist/tex/latex/tools/indentfirst.sty
Package: indentfirst 2023/07/02 v1.03 Indent first paragraph (DPC)
)
(e:/texlive/2026/texmf-dist/tex/latex/ctex/fontset/ctex-fontset-windows.def
File: ctex-fontset-windows.def 2022/07/14 v2.5.10 Windows fonts definition (CTE
X)

Package fontspec Info: 
(fontspec)             Could not resolve font "KaiTi/B" (it probably doesn't
(fontspec)             exist).


Package fontspec Info: 
(fontspec)             Could not resolve font "SimHei/I" (it probably doesn't
(fontspec)             exist).


Package fontspec Info: 
(fontspec)             Could not resolve font "SimSun/BI" (it probably doesn't
(fontspec)             exist).


Package fontspec Info: 
(fontspec)             Font family 'SimSun(0)' created for font 'SimSun' with
(fontspec)             options
(fontspec)             [Script={CJK},BoldFont={SimHei},ItalicFont={KaiTi}].
(fontspec)              
(fontspec)              This font family consists of the following NFSS
(fontspec)             series/shapes:
(fontspec)              
(fontspec)             - 'normal' (m/n) with NFSS spec.:
(fontspec)             <->"SimSun/OT:script=hani;language=dflt;"
(fontspec)             - 'bold' (b/n) with NFSS spec.:
(fontspec)             <->"SimHei/OT:script=hani;language=dflt;"
(fontspec)             - 'italic' (m/it) with NFSS spec.:
(fontspec)             <->"KaiTi/OT:script=hani;language=dflt;"

))
(e:/texlive/2026/texmf-dist/tex/latex/ctex/config/ctex.cfg
File: ctex.cfg 2022/07/14 v2.5.10 Configuration file (CTEX)
)
(e:/texlive/2026/texmf-dist/tex/latex/placeins/placeins.sty
Package: placeins 2005/04/18  v 2.2
)
(e:/texlive/2026/texmf-dist/tex/latex/listings/listings.sty
\lst@mode=\count373
\lst@gtempboxa=\box126
\lst@token=\toks35
\lst@length=\count374
\lst@currlwidth=\dimen344
\lst@column=\count375
\lst@pos=\count376
\lst@lostspace=\dimen345
\lst@width=\dimen346
\lst@newlines=\count377
\lst@lineno=\count378
\lst@maxwidth=\dimen347

(e:/texlive/2026/texmf-dist/tex/latex/listings/lstpatch.sty
File: lstpatch.sty 2025/11/14 1.11b (Carsten Heinz)
)
(e:/texlive/2026/texmf-dist/tex/latex/listings/lstmisc.sty
File: lstmisc.sty 2025/11/14 1.11b (Carsten Heinz)
\c@lstnumber=\count379
\lst@skipnumbers=\count380
\lst@framebox=\box127
)
(e:/texlive/2026/texmf-dist/tex/latex/listings/listings.cfg
File: listings.cfg 2025/11/14 1.11b listings configuration
))
Package: listings 2025/11/14 1.11b (Carsten Heinz)

(e:/texlive/2026/texmf-dist/tex/xelatex/xecjk/xeCJK-listings.sty
Package: xeCJK-listings 2022/08/05 v3.9.1 xeCJK patch file for listings
\l__xeCJK_listings_max_char_int=\count381
\l__xeCJK_listings_flag_int=\count382
)
==> First Aid for listings.sty no longer applied!
    Expected:
        2024/09/23 1.10c (Carsten Heinz)
    but found:
        2025/11/14 1.11b (Carsten Heinz)
    so I'm assuming it got fixed.
(e:/texlive/2026/texmf-dist/tex/latex/bookmark/bookmark.sty
Package: bookmark 2023-12-10 v1.31 PDF bookmarks (HO)

(e:/texlive/2026/texmf-dist/tex/latex/bookmark/bkm-dvipdfm.def
File: bkm-dvipdfm.def 2023-12-10 v1.31 bookmark driver for dvipdfm (HO)
\BKM@id=\count383
))
(e:/texlive/2026/texmf-dist/tex/latex/lastpage/lastpage.sty
Package: lastpage 2025/08/14 v2.1h lastpage: 2.09 or 2e? (HMM)

(e:/texlive/2026/texmf-dist/tex/latex/lastpage/lastpage2e.sty
Package: lastpage2e 2025/08/14 v2.1h Decide which 2e lastpage version to use (H
MM)

(e:/texlive/2026/texmf-dist/tex/latex/lastpage/lastpagemodern.sty
Package: lastpagemodern 2025-08-14 v2.1h Refers to last page's name (HMM; JPG)
\c@lastpagecount=\count384
) 
))
Package hyperref Info: Option `colorlinks' set `true' on input line 185.
 (e:/texlive/2026/texmf-dist/tex/latex/tools/tabularx.sty
Package: tabularx 2023/12/11 v2.12a `tabularx' package (DPC)
\TX@col@width=\dimen348
\TX@old@table=\dimen349
\TX@old@col=\dimen350
\TX@target=\dimen351
\TX@delta=\dimen352
\TX@cols=\count385
\TX@ftn=\toks36
)
(e:/texlive/2026/texmf-dist/tex/latex/ltablex/ltablex.sty
Package: ltablex 2014/08/13 v1.1 Modified tabularx
)
(e:/texlive/2026/texmf-dist/tex/latex/tocloft/tocloft.sty
Package: tocloft 2017/08/31 v2.3i parameterised ToC, etc., typesetting
Package tocloft Info: The document has chapter divisions on input line 51.
\cftparskip=\skip101
\cftbeforetoctitleskip=\skip102
\cftaftertoctitleskip=\skip103
\cftbeforepartskip=\skip104
\cftpartnumwidth=\skip105
\cftpartindent=\skip106
\cftbeforechapskip=\skip107
\cftchapindent=\skip108
\cftchapnumwidth=\skip109
\cftbeforesecskip=\skip110
\cftsecindent=\skip111
\cftsecnumwidth=\skip112
\cftbeforesubsecskip=\skip113
\cftsubsecindent=\skip114
\cftsubsecnumwidth=\skip115
\cftbeforesubsubsecskip=\skip116
\cftsubsubsecindent=\skip117
\cftsubsubsecnumwidth=\skip118
\cftbeforeparaskip=\skip119
\cftparaindent=\skip120
\cftparanumwidth=\skip121
\cftbeforesubparaskip=\skip122
\cftsubparaindent=\skip123
\cftsubparanumwidth=\skip124
\cftbeforeloftitleskip=\skip125
\cftafterloftitleskip=\skip126
\cftbeforefigskip=\skip127
\cftfigindent=\skip128
\cftfignumwidth=\skip129
\c@lofdepth=\count386
\c@lotdepth=\count387
\cftbeforelottitleskip=\skip130
\cftafterlottitleskip=\skip131
\cftbeforetabskip=\skip132
\cfttabindent=\skip133
\cfttabnumwidth=\skip134


Package tocloft Warning: \@starttoc has already been redefined; tocloft bailing
 out. on input line 1156.

)
\@indexfile=\write4
\openout4 = `ServiceManual.idx'.


Writing index file ServiceManual.idx
(./ServiceManual.aux)
\openout1 = `ServiceManual.aux'.

LaTeX Font Info:    Checking defaults for OML/cmm/m/it on input line 283.
LaTeX Font Info:    ... okay on input line 283.
LaTeX Font Info:    Checking defaults for OMS/cmsy/m/n on input line 283.
LaTeX Font Info:    ... okay on input line 283.
LaTeX Font Info:    Checking defaults for OT1/cmr/m/n on input line 283.
LaTeX Font Info:    ... okay on input line 283.
LaTeX Font Info:    Checking defaults for T1/cmr/m/n on input line 283.
LaTeX Font Info:    ... okay on input line 283.
LaTeX Font Info:    Checking defaults for TS1/cmr/m/n on input line 283.
LaTeX Font Info:    ... okay on input line 283.
LaTeX Font Info:    Checking defaults for TU/lmr/m/n on input line 283.
LaTeX Font Info:    ... okay on input line 283.
LaTeX Font Info:    Checking defaults for OMX/cmex/m/n on input line 283.
LaTeX Font Info:    ... okay on input line 283.
LaTeX Font Info:    Checking defaults for U/cmr/m/n on input line 283.
LaTeX Font Info:    ... okay on input line 283.
LaTeX Font Info:    Checking defaults for PD1/pdf/m/n on input line 283.
LaTeX Font Info:    ... okay on input line 283.
LaTeX Font Info:    Checking defaults for PU/pdf/m/n on input line 283.
LaTeX Font Info:    ... okay on input line 283.

Package fontspec Info: 
(fontspec)             Adjusting the maths setup (use [no-math] to avoid
(fontspec)             this).

\symlegacymaths=\mathgroup6
LaTeX Font Info:    Overwriting symbol font `legacymaths' in version `bold'
(Font)                  OT1/cmr/m/n --> OT1/cmr/bx/n on input line 283.
LaTeX Font Info:    Redeclaring math accent \acute on input line 283.
LaTeX Font Info:    Redeclaring math accent \grave on input line 283.
LaTeX Font Info:    Redeclaring math accent \ddot on input line 283.
LaTeX Font Info:    Redeclaring math accent \tilde on input line 283.
LaTeX Font Info:    Redeclaring math accent \bar on input line 283.
LaTeX Font Info:    Redeclaring math accent \breve on input line 283.
LaTeX Font Info:    Redeclaring math accent \check on input line 283.
LaTeX Font Info:    Redeclaring math accent \hat on input line 283.
LaTeX Font Info:    Redeclaring math accent \dot on input line 283.
LaTeX Font Info:    Redeclaring math accent \mathring on input line 283.
LaTeX Font Info:    Redeclaring math symbol \Gamma on input line 283.
LaTeX Font Info:    Redeclaring math symbol \Delta on input line 283.
LaTeX Font Info:    Redeclaring math symbol \Theta on input line 283.
LaTeX Font Info:    Redeclaring math symbol \Lambda on input line 283.
LaTeX Font Info:    Redeclaring math symbol \Xi on input line 283.
LaTeX Font Info:    Redeclaring math symbol \Pi on input line 283.
LaTeX Font Info:    Redeclaring math symbol \Sigma on input line 283.
LaTeX Font Info:    Redeclaring math symbol \Upsilon on input line 283.
LaTeX Font Info:    Redeclaring math symbol \Phi on input line 283.
LaTeX Font Info:    Redeclaring math symbol \Psi on input line 283.
LaTeX Font Info:    Redeclaring math symbol \Omega on input line 283.
LaTeX Font Info:    Redeclaring math symbol \mathdollar on input line 283.
LaTeX Font Info:    Redeclaring symbol font `operators' on input line 283.
LaTeX Font Info:    Encoding `OT1' has changed to `TU' for symbol font
(Font)              `operators' in the math version `normal' on input line 283.

LaTeX Font Info:    Overwriting symbol font `operators' in version `normal'
(Font)                  OT1/cmr/m/n --> TU/FreeSerif(0)/m/n on input line 283.
LaTeX Font Info:    Encoding `OT1' has changed to `TU' for symbol font
(Font)              `operators' in the math version `bold' on input line 283.
LaTeX Font Info:    Overwriting symbol font `operators' in version `bold'
(Font)                  OT1/cmr/bx/n --> TU/FreeSerif(0)/m/n on input line 283.

LaTeX Font Info:    Overwriting symbol font `operators' in version `normal'
(Font)                  TU/FreeSerif(0)/m/n --> TU/FreeSerif(0)/m/n on input li
ne 283.
LaTeX Font Info:    Overwriting math alphabet `\mathit' in version `normal'
(Font)                  OT1/cmr/m/it --> TU/FreeSerif(0)/m/it on input line 283
.
LaTeX Font Info:    Overwriting math alphabet `\mathbf' in version `normal'
(Font)                  OT1/cmr/bx/n --> TU/FreeSerif(0)/b/n on input line 283.

LaTeX Font Info:    Overwriting math alphabet `\mathsf' in version `normal'
(Font)                  OT1/cmss/m/n --> TU/FreeSans(0)/m/n on input line 283.
LaTeX Font Info:    Overwriting math alphabet `\mathtt' in version `normal'
(Font)                  OT1/cmtt/m/n --> TU/FreeMono(0)/m/n on input line 283.
LaTeX Font Info:    Overwriting symbol font `operators' in version `bold'
(Font)                  TU/FreeSerif(0)/m/n --> TU/FreeSerif(0)/b/n on input li
ne 283.
LaTeX Font Info:    Overwriting math alphabet `\mathit' in version `bold'
(Font)                  OT1/cmr/bx/it --> TU/FreeSerif(0)/b/it on input line 28
3.
LaTeX Font Info:    Overwriting math alphabet `\mathsf' in version `bold'
(Font)                  OT1/cmss/bx/n --> TU/FreeSans(0)/b/n on input line 283.

LaTeX Font Info:    Overwriting math alphabet `\mathtt' in version `bold'
(Font)                  OT1/cmtt/m/n --> TU/FreeMono(0)/b/n on input line 283.

(e:/texlive/2026/texmf-dist/tex/latex/fontawesome7/fontawesome7.sty
Package: fontawesome7 2025/11/02 v7.1.0-1 Font Awesome 7

(e:/texlive/2026/texmf-dist/tex/latex/l3packages/l3keys2e/l3keys2e.sty
Package: l3keys2e 2025-10-09 LaTeX2e option processing using LaTeX3 keys
)
(e:/texlive/2026/texmf-dist/tex/latex/fontawesome7/fontawesome7-utex-helper.sty
Package: fontawesome7-utex-helper 2025/11/02 v7.1.0-1 uTeX helper for fontaweso
me7
LaTeX Font Info:    Trying to load font information for TU+fontawesome7free on 
input line 63.
(e:/texlive/2026/texmf-dist/tex/latex/fontawesome7/tufontawesome7free.fd)
LaTeX Font Info:    Trying to load font information for TU+fontawesome7brands o
n input line 64.

(e:/texlive/2026/texmf-dist/tex/latex/fontawesome7/tufontawesome7brands.fd)))
\c@literalblock=\count388

*geometry* driver: auto-detecting
*geometry* detected driver: xetex
*geometry* verbose mode - [ preamble ] result:
* driver: xetex
* paper: a4paper
* layout: <same size as paper>
* layoutoffset:(h,v)=(0.0pt,0.0pt)
* modes: 
* h-part:(L,W,R)=(71.13188pt, 455.24411pt, 71.13188pt)
* v-part:(T,H,B)=(85.35826pt, 688.5567pt, 71.13188pt)
* \paperwidth=597.50787pt
* \paperheight=845.04684pt
* \textwidth=455.24411pt
* \textheight=688.5567pt
* \oddsidemargin=-1.1381pt
* \evensidemargin=-1.1381pt
* \topmargin=-34.67392pt
* \headheight=25.0pt
* \headsep=22.76219pt
* \topskip=11.0pt
* \footskip=30.0pt
* \marginparwidth=36.135pt
* \marginparsep=10.0pt
* \columnsep=10.0pt
* \skip\footins=10.0pt plus 4.0pt minus 2.0pt
* \hoffset=0.0pt
* \voffset=0.0pt
* \mag=1000
* \@twocolumnfalse
* \@twosidefalse
* \@mparswitchfalse
* \@reversemarginfalse
* (1in=72.27pt=25.4mm, 1cm=28.453pt)

Package hyperref Info: Link coloring ON on input line 283.
\c@lstlisting=\count389
(./cover.tex
File: Logo.png Graphic file (type bmp)
<Logo.png>
File: Zu1535.png Graphic file (type bmp)
<Zu1535.png>
 [1

]) (./ServiceManual.toc
LaTeX Font Info:    Trying to load font information for U+msa on input line 2.

(e:/texlive/2026/texmf-dist/tex/latex/amsfonts/umsa.fd
File: umsa.fd 2013/01/14 v3.01 AMS symbols A
)
LaTeX Font Info:    Trying to load font information for U+msb on input line 2.

(e:/texlive/2026/texmf-dist/tex/latex/amsfonts/umsb.fd
File: umsb.fd 2013/01/14 v3.01 AMS symbols B
)
File: Logo.png Graphic file (type bmp)
<Logo.png>
 [1

])
\tf@toc=\write5
\openout5 = `ServiceManual.toc'.

File: Logo.png Graphic file (type bmp)
<Logo.png>
 [2]

Package fontspec Info: 
(fontspec)             Could not resolve font "FangSong/BI" (it probably
(fontspec)             doesn't exist).


Package fontspec Info: 
(fontspec)             Could not resolve font "FangSong/B" (it probably
(fontspec)             doesn't exist).


Package fontspec Info: 
(fontspec)             Could not resolve font "FangSong/I" (it probably
(fontspec)             doesn't exist).

LaTeX Font Info:    Font shape `TU/FreeMono(0)/m/n' will be
(Font)              scaled to size 9.85492pt on input line 328.

Package fontspec Info: 
(fontspec)             Font family 'FangSong(0)' created for font 'FangSong'
(fontspec)             with options [Script={CJK}].
(fontspec)              
(fontspec)              This font family consists of the following NFSS
(fontspec)             series/shapes:
(fontspec)              
(fontspec)             - 'normal' (m/n) with NFSS spec.:
(fontspec)             <->"FangSong/OT:script=hani;language=dflt;"

File: 官网二维码.png Graphic file (type bmp)
<官网二维码.png>
File: Logo.png Graphic file (type bmp)
<Logo.png>
 [1


]
Chapter 1.
File: Logo.png Graphic file (type bmp)
<Logo.png>
[2

]
Chapter 2.
! Misplaced \noalign.
\rowcolor ->\noalign 
                     {\ifnum 0=`}\fi \global \let \CT@do@color \CT@@do@color...
l.434 \sphinxstyletheadfamily
                              \sphinxAtStartPar
? s
OK, entering \scrollmode...
! Misplaced \noalign.
\rowcolor ->\noalign 
                     {\ifnum 0=`}\fi \global \let \CT@do@color \CT@@do@color...
l.439 \sphinxstyletheadfamily
                              \sphinxAtStartPar
I expect to see \noalign only after the \cr of
an alignment. Proceed, and I'll ignore this case.

File: Logo.png Graphic file (type bmp)
<Logo.png>
[3

]
! Misplaced \noalign.
\rowcolor ->\noalign 
                     {\ifnum 0=`}\fi \global \let \CT@do@color \CT@@do@color...
l.540 \sphinxstyletheadfamily
                              \sphinxAtStartPar
I expect to see \noalign only after the \cr of
an alignment. Proceed, and I'll ignore this case.

! Misplaced \noalign.
\rowcolor ->\noalign 
                     {\ifnum 0=`}\fi \global \let \CT@do@color \CT@@do@color...
l.545 \sphinxstyletheadfamily
                              \sphinxAtStartPar
I expect to see \noalign only after the \cr of
an alignment. Proceed, and I'll ignore this case.

File: 触电.png Graphic file (type bmp)
<触电.png>
File: 危险.png Graphic file (type bmp)
<危险.png>
! Misplaced \noalign.
\rowcolor ->\noalign 
                     {\ifnum 0=`}\fi \global \let \CT@do@color \CT@@do@color...
l.633 \sphinxstyletheadfamily
                              \sphinxAtStartPar
I expect to see \noalign only after the \cr of
an alignment. Proceed, and I'll ignore this case.

! Misplaced \noalign.
\rowcolor ->\noalign 
                     {\ifnum 0=`}\fi \global \let \CT@do@color \CT@@do@color...
l.638 \sphinxstyletheadfamily
                              \sphinxAtStartPar
I expect to see \noalign only after the \cr of
an alignment. Proceed, and I'll ignore this case.

File: 危险.png Graphic file (type bmp)
<危险.png>
File: 危险.png Graphic file (type bmp)
<危险.png>
File: Logo.png Graphic file (type bmp)
<Logo.png>
[4]
File: ESD图示.png Graphic file (type bmp)
<ESD图示.png>
File: Logo.png Graphic file (type bmp)
<Logo.png>
 [5]
File: Logo.png Graphic file (type bmp)
<Logo.png>
 [6]
Chapter 3.
! Misplaced \noalign.
\rowcolor ->\noalign 
                     {\ifnum 0=`}\fi \global \let \CT@do@color \CT@@do@color...
l.772 \sphinxstyletheadfamily
                              \sphinxAtStartPar
I expect to see \noalign only after the \cr of
an alignment. Proceed, and I'll ignore this case.

! Misplaced \noalign.
\rowcolor ->\noalign 
                     {\ifnum 0=`}\fi \global \let \CT@do@color \CT@@do@color...
l.777 \sphinxstyletheadfamily
                              \sphinxbeforeendvarwidth
I expect to see \noalign only after the \cr of
an alignment. Proceed, and I'll ignore this case.

! Misplaced \noalign.
\rowcolor ->\noalign 
                     {\ifnum 0=`}\fi \global \let \CT@do@color \CT@@do@color...
l.780 \sphinxstyletheadfamily
                              \sphinxbeforeendvarwidth
I expect to see \noalign only after the \cr of
an alignment. Proceed, and I'll ignore this case.

! Misplaced \noalign.
\rowcolor ->\noalign 
                     {\ifnum 0=`}\fi \global \let \CT@do@color \CT@@do@color...
l.783 \sphinxstyletheadfamily
                              \sphinxbeforeendvarwidth
I expect to see \noalign only after the \cr of
an alignment. Proceed, and I'll ignore this case.

! Misplaced \noalign.
\rowcolor ->\noalign 
                     {\ifnum 0=`}\fi \global \let \CT@do@color \CT@@do@color...
l.786 \sphinxstyletheadfamily
                              \sphinxAtStartPar
I expect to see \noalign only after the \cr of
an alignment. Proceed, and I'll ignore this case.

! Misplaced \noalign.
\rowcolor ->\noalign 
                     {\ifnum 0=`}\fi \global \let \CT@do@color \CT@@do@color...
l.791 \sphinxstyletheadfamily
                              \sphinxAtStartPar
I expect to see \noalign only after the \cr of
an alignment. Proceed, and I'll ignore this case.

! Misplaced \noalign.
\rowcolor ->\noalign 
                     {\ifnum 0=`}\fi \global \let \CT@do@color \CT@@do@color...
l.797 \sphinxstyletheadfamily
                              \sphinxAtStartPar
I expect to see \noalign only after the \cr of
an alignment. Proceed, and I'll ignore this case.

! Misplaced \noalign.
\rowcolor ->\noalign 
                     {\ifnum 0=`}\fi \global \let \CT@do@color \CT@@do@color...
l.802 \sphinxstyletheadfamily
                              \sphinxAtStartPar
I expect to see \noalign only after the \cr of
an alignment. Proceed, and I'll ignore this case.

! Misplaced \noalign.
\rowcolor ->\noalign 
                     {\ifnum 0=`}\fi \global \let \CT@do@color \CT@@do@color...
l.807 \sphinxstyletheadfamily
                              \sphinxAtStartPar
I expect to see \noalign only after the \cr of
an alignment. Proceed, and I'll ignore this case.

! Misplaced \noalign.
\rowcolor ->\noalign 
                     {\ifnum 0=`}\fi \global \let \CT@do@color \CT@@do@color...
l.812 \sphinxstyletheadfamily
                              \sphinxAtStartPar
I expect to see \noalign only after the \cr of
an alignment. Proceed, and I'll ignore this case.

! Misplaced \noalign.
\rowcolor ->\noalign 
                     {\ifnum 0=`}\fi \global \let \CT@do@color \CT@@do@color...
l.817 \sphinxstyletheadfamily
                              \sphinxbeforeendvarwidth
I expect to see \noalign only after the \cr of
an alignment. Proceed, and I'll ignore this case.

! Misplaced \noalign.
\rowcolor ->\noalign 
                     {\ifnum 0=`}\fi \global \let \CT@do@color \CT@@do@color...
l.820 \sphinxstyletheadfamily
                              \sphinxbeforeendvarwidth
I expect to see \noalign only after the \cr of
an alignment. Proceed, and I'll ignore this case.


Underfull \hbox (badness 6284) in paragraph at lines 839--841
[]\TU/SimSun(0)/m/n/10.95 关 节 闷 盖 和 装
 []

File: Logo.png Graphic file (type bmp)
<Logo.png>
[7

]
File: Logo.png Graphic file (type bmp)
<Logo.png>
 [8]
File: Logo.png Graphic file (type bmp)
<Logo.png>
 [9]
Chapter 4.
! Misplaced \noalign.
\rowcolor ->\noalign 
                     {\ifnum 0=`}\fi \global \let \CT@do@color \CT@@do@color...
l.1250 \sphinxstyletheadfamily
                               \sphinxAtStartPar
I expect to see \noalign only after the \cr of
an alignment. Proceed, and I'll ignore this case.

! Misplaced \noalign.
\rowcolor ->\noalign 
                     {\ifnum 0=`}\fi \global \let \CT@do@color \CT@@do@color...
l.1255 \sphinxstyletheadfamily
                               \sphinxAtStartPar
I expect to see \noalign only after the \cr of
an alignment. Proceed, and I'll ignore this case.

! Misplaced \noalign.
\rowcolor ->\noalign 
                     {\ifnum 0=`}\fi \global \let \CT@do@color \CT@@do@color...
l.1260 \sphinxstyletheadfamily
                               \sphinxAtStartPar
I expect to see \noalign only after the \cr of
an alignment. Proceed, and I'll ignore this case.

File: Logo.png Graphic file (type bmp)
<Logo.png>
[10

]
File: 取下闷盖螺钉.pdf Graphic file (type pdf)
<use 取下闷盖螺钉.pdf>
File: 取下闷盖.pdf Graphic file (type pdf)
<use 取下闷盖.pdf>
File: 闷盖涂抹油脂.pdf Graphic file (type pdf)
<use 闷盖涂抹油脂.pdf>
File: 安装O型圈至闷盖.pdf Graphic file (type pdf)
<use 安装O型圈至闷盖.pdf>
File: Logo.png Graphic file (type bmp)
<Logo.png>
 [11]
File: 安装闷盖.pdf Graphic file (type pdf)
<use 安装闷盖.pdf>
File: 安装闷盖螺钉.pdf Graphic file (type pdf)
<use 安装闷盖螺钉.pdf>
File: Logo.png Graphic file (type bmp)
<Logo.png>
 [12]
! Misplaced \noalign.
\rowcolor ->\noalign 
                     {\ifnum 0=`}\fi \global \let \CT@do@color \CT@@do@color...
l.1404 \sphinxstyletheadfamily
                               \sphinxAtStartPar
I expect to see \noalign only after the \cr of
an alignment. Proceed, and I'll ignore this case.

! Misplaced \noalign.
\rowcolor ->\noalign 
                     {\ifnum 0=`}\fi \global \let \CT@do@color \CT@@do@color...
l.1409 \sphinxstyletheadfamily
                               \sphinxAtStartPar
I expect to see \noalign only after the \cr of
an alignment. Proceed, and I'll ignore this case.

! Misplaced \noalign.
\rowcolor ->\noalign 
                     {\ifnum 0=`}\fi \global \let \CT@do@color \CT@@do@color...
l.1414 \sphinxstyletheadfamily
                               \sphinxAtStartPar
I expect to see \noalign only after the \cr of
an alignment. Proceed, and I'll ignore this case.

File: 取下环形灯壳螺钉.pdf Graphic file (type pdf)
<use 取下环形灯壳螺钉.pdf>
File: 取下环形灯壳.pdf Graphic file (type pdf)
<use 取下环形灯壳.pdf>
File: Logo.png Graphic file (type bmp)
<Logo.png>
[13]
File: 环形灯壳涂抹油脂.pdf Graphic file (type pdf)
<use 环形灯壳涂抹油脂.pdf>
File: 安装O型圈至环形灯壳.pdf Graphic file (type pdf)
<use 安装O型圈至环形灯壳.pdf>
File: Logo.png Graphic file (type bmp)
<Logo.png>
 [14]
File: 安装环形灯壳.pdf Graphic file (type pdf)
<use 安装环形灯壳.pdf>
File: 安装环形灯壳螺钉.pdf Graphic file (type pdf)
<use 安装环形灯壳螺钉.pdf>
File: Logo.png Graphic file (type bmp)
<Logo.png>
 [15]
File: 基座驱动板接口.pdf Graphic file (type pdf)
<use 基座驱动板接口.pdf>
File: Logo.png Graphic file (type bmp)
<Logo.png>
 [16]
! Misplaced \noalign.
\rowcolor ->\noalign 
                     {\ifnum 0=`}\fi \global \let \CT@do@color \CT@@do@color...
l.1618 \sphinxstyletheadfamily
                               \sphinxAtStartPar
I expect to see \noalign only after the \cr of
an alignment. Proceed, and I'll ignore this case.

! Misplaced \noalign.
\rowcolor ->\noalign 
                     {\ifnum 0=`}\fi \global \let \CT@do@color \CT@@do@color...
l.1623 \sphinxstyletheadfamily
                               \sphinxAtStartPar
I expect to see \noalign only after the \cr of
an alignment. Proceed, and I'll ignore this case.

! Misplaced \noalign.
\rowcolor ->\noalign 
                     {\ifnum 0=`}\fi \global \let \CT@do@color \CT@@do@color...
l.1628 \sphinxstyletheadfamily
                               \sphinxAtStartPar
I expect to see \noalign only after the \cr of
an alignment. Proceed, and I'll ignore this case.

File: 取下装饰环螺钉.pdf Graphic file (type pdf)
<use 取下装饰环螺钉.pdf>
File: 取下装饰环.pdf Graphic file (type pdf)
<use 取下装饰环.pdf>
File: Logo.png Graphic file (type bmp)
<Logo.png>
[17]
File: 旋松螺钉.pdf Graphic file (type pdf)
<use 旋松螺钉.pdf>
File: 拔下一关节线束端子.pdf Graphic file (type pdf)
<use 拔下一关节线束端子.pdf>
File: Logo.png Graphic file (type bmp)
<Logo.png>
 [18]
File: 拔下机器人连接线端子.pdf Graphic file (type pdf)
<use 拔下机器人连接线端子.pdf>
File: 旋松基座螺钉.pdf Graphic file (type pdf)
<use 旋松基座螺钉.pdf>
File: Logo.png Graphic file (type bmp)
<Logo.png>
 [19]
File: 机器人连接线从固线套中取出.pdf Graphic file (type pdf)
<use 机器人连接线从固线套中取出.pdf>
File: 取下密封板组件.pdf Graphic file (type pdf)
<use 取下密封板组件.pdf>
File: 取出机器人连接线.pdf Graphic file (type pdf)
<use 取出机器人连接线.pdf>
File: Logo.png Graphic file (type bmp)
<Logo.png>
 [20]
File: 一关节涂抹密封油脂.pdf Graphic file (type pdf)
<use 一关节涂抹密封油脂.pdf>
File: 一关节放入O型圈.pdf Graphic file (type pdf)
<use 一关节放入O型圈.pdf>
File: Logo.png Graphic file (type bmp)
<Logo.png>
 [21]
File: 放入机器人连接线.pdf Graphic file (type pdf)
<use 放入机器人连接线.pdf>
File: 安装密封板组件.pdf Graphic file (type pdf)
<use 安装密封板组件.pdf>
File: 机器人连接线放入固线套.pdf Graphic file (type pdf)
<use 机器人连接线放入固线套.pdf>
File: Logo.png Graphic file (type bmp)
<Logo.png>
 [22]
File: 基座凸台对齐凹槽.pdf Graphic file (type pdf)
<use 基座凸台对齐凹槽.pdf>
File: 拧紧螺钉.pdf Graphic file (type pdf)
<use 拧紧螺钉.pdf>
File: Logo.png Graphic file (type bmp)
<Logo.png>
 [23]
File: 固定第一个装饰环.pdf Graphic file (type pdf)
<use 固定第一个装饰环.pdf>
File: 固定第一个装饰环螺钉.pdf Graphic file (type pdf)
<use 固定第一个装饰环螺钉.pdf>
File: Logo.png Graphic file (type bmp)
<Logo.png>
 [24]
File: 固定第二个装饰环.pdf Graphic file (type pdf)
<use 固定第二个装饰环.pdf>
File: 固定第二个装饰环螺钉.pdf Graphic file (type pdf)
<use 固定第二个装饰环螺钉.pdf>
File: Logo.png Graphic file (type bmp)
<Logo.png>
 [25]
File: 拧紧基座螺钉.pdf Graphic file (type pdf)
<use 拧紧基座螺钉.pdf>
File: TIO板接口.pdf Graphic file (type pdf)
<use TIO板接口.pdf>
File: Logo.png Graphic file (type bmp)
<Logo.png>
 [26]
! Misplaced \noalign.
\rowcolor ->\noalign 
                     {\ifnum 0=`}\fi \global \let \CT@do@color \CT@@do@color...
l.2093 \sphinxstyletheadfamily
                               \sphinxAtStartPar
I expect to see \noalign only after the \cr of
an alignment. Proceed, and I'll ignore this case.

! Misplaced \noalign.
\rowcolor ->\noalign 
                     {\ifnum 0=`}\fi \global \let \CT@do@color \CT@@do@color...
l.2098 \sphinxstyletheadfamily
                               \sphinxAtStartPar
I expect to see \noalign only after the \cr of
an alignment. Proceed, and I'll ignore this case.

! Misplaced \noalign.
\rowcolor ->\noalign 
                     {\ifnum 0=`}\fi \global \let \CT@do@color \CT@@do@color...
l.2103 \sphinxstyletheadfamily
                               \sphinxAtStartPar
I expect to see \noalign only after the \cr of
an alignment. Proceed, and I'll ignore this case.

File: 取下末端法兰装饰环螺钉.pdf Graphic file (type pdf)
<use 取下末端法兰装饰环螺钉.pdf>
File: Logo.png Graphic file (type bmp)
<Logo.png>
[27]
File: 取下末端法兰装饰环.pdf Graphic file (type pdf)
<use 取下末端法兰装饰环.pdf>
File: 取下末端法兰螺栓.pdf Graphic file (type pdf)
<use 取下末端法兰螺栓.pdf>
File: Logo.png Graphic file (type bmp)
<Logo.png>
 [28]
File: 取下末端法兰.pdf Graphic file (type pdf)
<use 取下末端法兰.pdf>
File: 六关节涂抹密封油脂.pdf Graphic file (type pdf)
<use 六关节涂抹密封油脂.pdf>
File: Logo.png Graphic file (type bmp)
<Logo.png>
 [29]
File: 六关节放入O型圈.pdf Graphic file (type pdf)
<use 六关节放入O型圈.pdf>
File: 末端法兰凸台对齐凹槽.pdf Graphic file (type pdf)
<use 末端法兰凸台对齐凹槽.pdf>
File: Logo.png Graphic file (type bmp)
<Logo.png>
 [30]
File: 放入径向螺钉定位套.pdf Graphic file (type pdf)
<use 放入径向螺钉定位套.pdf>
File: 安装末端法兰螺栓（长）.pdf Graphic file (type pdf)
<use 安装末端法兰螺栓（长）.pdf>
File: Logo.png Graphic file (type bmp)
<Logo.png>
 [31]
File: 安装末端法兰螺栓（短）.pdf Graphic file (type pdf)
<use 安装末端法兰螺栓（短）.pdf>
File: 固定第一个装饰环（法兰）.pdf Graphic file (type pdf)
<use 固定第一个装饰环（法兰）.pdf>
File: Logo.png Graphic file (type bmp)
<Logo.png>
 [32]
File: 固定第一个装饰环螺钉（法兰）.pdf Graphic file (type pdf)
<use 固定第一个装饰环螺钉（法兰）.pdf>
File: 固定第二个装饰环（法兰）.pdf Graphic file (type pdf)
<use 固定第二个装饰环（法兰）.pdf>
File: Logo.png Graphic file (type bmp)
<Logo.png>
 [33]
File: 固定第二个装饰环螺钉（法兰）.pdf Graphic file (type pdf)
<use 固定第二个装饰环螺钉（法兰）.pdf>

! Misplaced \noalign.
\rowcolor ->\noalign 
                     {\ifnum 0=`}\fi \global \let \CT@do@color \CT@@do@color...
l.2368 \sphinxstyletheadfamily
                               \sphinxAtStartPar
I expect to see \noalign only after the \cr of
an alignment. Proceed, and I'll ignore this case.

! Misplaced \noalign.
\rowcolor ->\noalign 
                     {\ifnum 0=`}\fi \global \let \CT@do@color \CT@@do@color...
l.2373 \sphinxstyletheadfamily
                               \sphinxAtStartPar
I expect to see \noalign only after the \cr of
an alignment. Proceed, and I'll ignore this case.

! Misplaced \noalign.
\rowcolor ->\noalign 
                     {\ifnum 0=`}\fi \global \let \CT@do@color \CT@@do@color...
l.2378 \sphinxstyletheadfamily
                               \sphinxAtStartPar
I expect to see \noalign only after the \cr of
an alignment. Proceed, and I'll ignore this case.

File: Logo.png Graphic file (type bmp)
<Logo.png>
[34]
File: 取下末端法兰装饰环螺钉.pdf Graphic file (type pdf)
<use 取下末端法兰装饰环螺钉.pdf>
File: 取下末端法兰装饰环.pdf Graphic file (type pdf)
<use 取下末端法兰装饰环.pdf>
File: Logo.png Graphic file (type bmp)
<Logo.png>
 [35]
File: 取下末端法兰螺栓（Zu35）.pdf Graphic file (type pdf)
<use 取下末端法兰螺栓（Zu35）.pdf>
File: 取下末端法兰（Zu35）.pdf Graphic file (type pdf)
<use 取下末端法兰（Zu35）.pdf>
File: Logo.png Graphic file (type bmp)
<Logo.png>
 [36]
File: 六关节涂抹密封油脂（Zu35）.pdf Graphic file (type pdf)
<use 六关节涂抹密封油脂（Zu35）.pdf>
File: 六关节放入O型圈（Zu35）.pdf Graphic file (type pdf)
<use 六关节放入O型圈（Zu35）.pdf>
File: Logo.png Graphic file (type bmp)
<Logo.png>
 [37]
File: 末端法兰凸台对齐凹槽（Zu35）.pdf Graphic file (type pdf)
<use 末端法兰凸台对齐凹槽（Zu35）.pdf>
File: 安装末端法兰螺栓（Zu35）.pdf Graphic file (type pdf)
<use 安装末端法兰螺栓（Zu35）.pdf>
File: Logo.png Graphic file (type bmp)
<Logo.png>
 [38]
File: 固定末端法兰第一个装饰环（Zu35）.pdf Graphic file (type pdf)
<use 固定末端法兰第一个装饰环（Zu35）.pdf>
File: 固定第一个装饰环螺钉（法兰）.pdf Graphic file (type pdf)
<use 固定第一个装饰环螺钉（法兰）.pdf>
File: Logo.png Graphic file (type bmp)
<Logo.png>
 [39]
File: 固定第二个装饰环（法兰）.pdf Graphic file (type pdf)
<use 固定第二个装饰环（法兰）.pdf>
File: 固定第二个装饰环螺钉（法兰）.pdf Graphic file (type pdf)
<use 固定第二个装饰环螺钉（法兰）.pdf>
File: Logo.png Graphic file (type bmp)
<Logo.png>
 [40]
File: 关节螺栓顺序.pdf Graphic file (type pdf)
<use 关节螺栓顺序.pdf>
File: Logo.png Graphic file (type bmp)
<Logo.png>
 [41]
File: 静止关节小端螺栓顺序.pdf Graphic file (type pdf)
<use 静止关节小端螺栓顺序.pdf>
File: 静止关节或一体式小臂大端螺栓顺序.pdf Graphic file (type pdf)
<use 静止关节或一体式小臂大端螺栓顺序.pdf>
File: Logo.png Graphic file (type bmp)
<Logo.png>
 [42]
! Misplaced \noalign.
\rowcolor ->\noalign 
                     {\ifnum 0=`}\fi \global \let \CT@do@color \CT@@do@color...
l.2723 \sphinxstyletheadfamily
                               \sphinxAtStartPar
I expect to see \noalign only after the \cr of
an alignment. Proceed, and I'll ignore this case.

! Misplaced \noalign.
\rowcolor ->\noalign 
                     {\ifnum 0=`}\fi \global \let \CT@do@color \CT@@do@color...
l.2728 \sphinxstyletheadfamily
                               \sphinxAtStartPar
I expect to see \noalign only after the \cr of
an alignment. Proceed, and I'll ignore this case.

! Misplaced \noalign.
\rowcolor ->\noalign 
                     {\ifnum 0=`}\fi \global \let \CT@do@color \CT@@do@color...
l.2733 \sphinxstyletheadfamily
                               \sphinxAtStartPar
I expect to see \noalign only after the \cr of
an alignment. Proceed, and I'll ignore this case.

! Misplaced \noalign.
\rowcolor ->\noalign 
                     {\ifnum 0=`}\fi \global \let \CT@do@color \CT@@do@color...
l.2738 \sphinxstyletheadfamily
                               \sphinxAtStartPar
I expect to see \noalign only after the \cr of
an alignment. Proceed, and I'll ignore this case.

! Misplaced \noalign.
\rowcolor ->\noalign 
                     {\ifnum 0=`}\fi \global \let \CT@do@color \CT@@do@color...
l.2743 \sphinxstyletheadfamily
                               \sphinxAtStartPar
I expect to see \noalign only after the \cr of
an alignment. Proceed, and I'll ignore this case.

File: Logo.png Graphic file (type bmp)
<Logo.png>
[43]
! Misplaced \noalign.
\rowcolor ->\noalign 
                     {\ifnum 0=`}\fi \global \let \CT@do@color \CT@@do@color...
l.3074 \sphinxstyletheadfamily
                               \sphinxAtStartPar
I expect to see \noalign only after the \cr of
an alignment. Proceed, and I'll ignore this case.

! Misplaced \noalign.
\rowcolor ->\noalign 
                     {\ifnum 0=`}\fi \global \let \CT@do@color \CT@@do@color...
l.3079 \sphinxstyletheadfamily
                               \sphinxAtStartPar
I expect to see \noalign only after the \cr of
an alignment. Proceed, and I'll ignore this case.

! Misplaced \noalign.
\rowcolor ->\noalign 
                     {\ifnum 0=`}\fi \global \let \CT@do@color \CT@@do@color...
l.3084 \sphinxstyletheadfamily
                               \sphinxAtStartPar
I expect to see \noalign only after the \cr of
an alignment. Proceed, and I'll ignore this case.

! Misplaced \noalign.
\rowcolor ->\noalign 
                     {\ifnum 0=`}\fi \global \let \CT@do@color \CT@@do@color...
l.3089 \sphinxstyletheadfamily
                               \sphinxAtStartPar
I expect to see \noalign only after the \cr of
an alignment. Proceed, and I'll ignore this case.

! Misplaced \noalign.
\rowcolor ->\noalign 
                     {\ifnum 0=`}\fi \global \let \CT@do@color \CT@@do@color...
l.3094 \sphinxstyletheadfamily
                               \sphinxAtStartPar
I expect to see \noalign only after the \cr of
an alignment. Proceed, and I'll ignore this case.

File: 四关节驱动板接口.pdf Graphic file (type pdf)
<use 四关节驱动板接口.pdf>
File: Logo.png Graphic file (type bmp)
<Logo.png>
[44]
File: 一关节驱动板接口.pdf Graphic file (type pdf)
<use 一关节驱动板接口.pdf>
File: Logo.png Graphic file (type bmp)
<Logo.png>
 [45]
! Misplaced \noalign.
\rowcolor ->\noalign 
                     {\ifnum 0=`}\fi \global \let \CT@do@color \CT@@do@color...
l.3443 \sphinxstyletheadfamily
                               \sphinxAtStartPar
I expect to see \noalign only after the \cr of
an alignment. Proceed, and I'll ignore this case.

! Misplaced \noalign.
\rowcolor ->\noalign 
                     {\ifnum 0=`}\fi \global \let \CT@do@color \CT@@do@color...
l.3448 \sphinxstyletheadfamily
                               \sphinxAtStartPar
I expect to see \noalign only after the \cr of
an alignment. Proceed, and I'll ignore this case.

! Misplaced \noalign.
\rowcolor ->\noalign 
                     {\ifnum 0=`}\fi \global \let \CT@do@color \CT@@do@color...
l.3453 \sphinxstyletheadfamily
                               \sphinxAtStartPar
I expect to see \noalign only after the \cr of
an alignment. Proceed, and I'll ignore this case.

File: 取下一关节装饰环螺钉.pdf Graphic file (type pdf)
<use 取下一关节装饰环螺钉.pdf>
File: 取下一关节装饰环.pdf Graphic file (type pdf)
<use 取下一关节装饰环.pdf>
File: Logo.png Graphic file (type bmp)
<Logo.png>
[46]
File: 取下二关节装饰环和螺钉.pdf Graphic file (type pdf)
<use 取下二关节装饰环和螺钉.pdf>
File: Logo.png Graphic file (type bmp)
<Logo.png>
 [47]
File: 取下闷盖螺钉.pdf Graphic file (type pdf)
<use 取下闷盖螺钉.pdf>
File: 取下闷盖.pdf Graphic file (type pdf)
<use 取下闷盖.pdf>
File: Logo.png Graphic file (type bmp)
<Logo.png>
 [48]
File: 旋松二关节螺钉.pdf Graphic file (type pdf)
<use 旋松二关节螺钉.pdf>
File: 分离大臂.pdf Graphic file (type pdf)
<use 分离大臂.pdf>
File: Logo.png Graphic file (type bmp)
<Logo.png>
 [49]
File: 取下环形灯壳螺钉.pdf Graphic file (type pdf)
<use 取下环形灯壳螺钉.pdf>
File: 取下环形灯壳.pdf Graphic file (type pdf)
<use 取下环形灯壳.pdf>
File: Logo.png Graphic file (type bmp)
<Logo.png>
 [50]
File: 旋松一关节螺钉.pdf Graphic file (type pdf)
<use 旋松一关节螺钉.pdf>
File: 分离二关节.pdf Graphic file (type pdf)
<use 分离二关节.pdf>
File: Logo.png Graphic file (type bmp)
<Logo.png>
 [51]
File: 取下扎线固定座.pdf Graphic file (type pdf)
<use 取下扎线固定座.pdf>
File: 取下线圈固定件.pdf Graphic file (type pdf)
<use 取下线圈固定件.pdf>
File: Logo.png Graphic file (type bmp)
<Logo.png>
 [52]
File: 取下法兰固线钣金.pdf Graphic file (type pdf)
<use 取下法兰固线钣金.pdf>
File: 二关节涂抹密封油脂.pdf Graphic file (type pdf)
<use 二关节涂抹密封油脂.pdf>
File: Logo.png Graphic file (type bmp)
<Logo.png>
 [53]
File: 二关节放入O型圈.pdf Graphic file (type pdf)
<use 二关节放入O型圈.pdf>
File: 穿过二关节线束.pdf Graphic file (type pdf)
<use 穿过二关节线束.pdf>
File: Logo.png Graphic file (type bmp)
<Logo.png>
 [54]
File: 安装法兰固线钣金.pdf Graphic file (type pdf)
<use 安装法兰固线钣金.pdf>
File: 安装线圈固定件.pdf Graphic file (type pdf)
<use 安装线圈固定件.pdf>
File: 安装扎线固定座.pdf Graphic file (type pdf)
<use 安装扎线固定座.pdf>
File: Logo.png Graphic file (type bmp)
<Logo.png>
 [55]
File: 一二关节凸台对齐凹槽.pdf Graphic file (type pdf)
<use 一二关节凸台对齐凹槽.pdf>
File: 拧紧一关节螺钉.pdf Graphic file (type pdf)
<use 拧紧一关节螺钉.pdf>
File: Logo.png Graphic file (type bmp)
<Logo.png>
 [56]
File: 大臂涂抹密封油脂.pdf Graphic file (type pdf)
<use 大臂涂抹密封油脂.pdf>
File: 大臂放入O型圈.pdf Graphic file (type pdf)
<use 大臂放入O型圈.pdf>
File: Logo.png Graphic file (type bmp)
<Logo.png>
 [57]
File: 二关节大臂凸台对齐凹槽.pdf Graphic file (type pdf)
<use 二关节大臂凸台对齐凹槽.pdf>
File: 拧紧二关节螺钉.pdf Graphic file (type pdf)
<use 拧紧二关节螺钉.pdf>
File: Logo.png Graphic file (type bmp)
<Logo.png>
 [58]
File: 闷盖涂抹油脂.pdf Graphic file (type pdf)
<use 闷盖涂抹油脂.pdf>
File: 安装O型圈至闷盖.pdf Graphic file (type pdf)
<use 安装O型圈至闷盖.pdf>
File: Logo.png Graphic file (type bmp)
<Logo.png>
 [59]
File: 安装闷盖.pdf Graphic file (type pdf)
<use 安装闷盖.pdf>
File: 安装闷盖螺钉.pdf Graphic file (type pdf)
<use 安装闷盖螺钉.pdf>
File: Logo.png Graphic file (type bmp)
<Logo.png>
 [60]
File: 环形灯壳涂抹油脂.pdf Graphic file (type pdf)
<use 环形灯壳涂抹油脂.pdf>
File: 安装O型圈至环形灯壳.pdf Graphic file (type pdf)
<use 安装O型圈至环形灯壳.pdf>
File: Logo.png Graphic file (type bmp)
<Logo.png>

[61]
File: 安装环形灯壳.pdf Graphic file (type pdf)
<use 安装环形灯壳.pdf>
File: 安装环形灯壳螺钉.pdf Graphic file (type pdf)
<use 安装环形灯壳螺钉.pdf>
File: Logo.png Graphic file (type bmp)
<Logo.png>
 [62]
File: 固定一关节第一个装饰环.pdf Graphic file (type pdf)
<use 固定一关节第一个装饰环.pdf>
File: 固定一关节第一个装饰环螺钉.pdf Graphic file (type pdf)
<use 固定一关节第一个装饰环螺钉.pdf>
File: Logo.png Graphic file (type bmp)
<Logo.png>
 [63]
File: 固定一关节第二个装饰环.pdf Graphic file (type pdf)
<use 固定一关节第二个装饰环.pdf>
File: 固定一关节第二个装饰环螺钉.pdf Graphic file (type pdf)
<use 固定一关节第二个装饰环螺钉.pdf>
File: Logo.png Graphic file (type bmp)
<Logo.png>
 [64]
File: 固定二关节第一个装饰环.pdf Graphic file (type pdf)
<use 固定二关节第一个装饰环.pdf>
File: 固定二关节第一个装饰环螺钉.pdf Graphic file (type pdf)
<use 固定二关节第一个装饰环螺钉.pdf>
File: Logo.png Graphic file (type bmp)
<Logo.png>
 [65]
File: 固定二关节第二个装饰环.pdf Graphic file (type pdf)
<use 固定二关节第二个装饰环.pdf>
File: 固定二关节第二个装饰环螺钉.pdf Graphic file (type pdf)
<use 固定二关节第二个装饰环螺钉.pdf>
File: Logo.png Graphic file (type bmp)
<Logo.png>
 [66]
File: 取下四关节装饰环螺钉.pdf Graphic file (type pdf)
<use 取下四关节装饰环螺钉.pdf>
File: 取下四关节装饰环.pdf Graphic file (type pdf)
<use 取下四关节装饰环.pdf>
File: Logo.png Graphic file (type bmp)
<Logo.png>
 [67]
File: 取下五关节装饰环螺钉.pdf Graphic file (type pdf)
<use 取下五关节装饰环螺钉.pdf>
File: 取下五关节装饰环.pdf Graphic file (type pdf)
<use 取下五关节装饰环.pdf>
File: Logo.png Graphic file (type bmp)
<Logo.png>
 [68]
File: 取下五关节闷盖.pdf Graphic file (type pdf)
<use 取下五关节闷盖.pdf>
File: 旋松五关节螺栓.pdf Graphic file (type pdf)
<use 旋松五关节螺栓.pdf>
File: 取下五关节.pdf Graphic file (type pdf)
<use 取下五关节.pdf>
File: Logo.png Graphic file (type bmp)
<Logo.png>
 [69]
File: 取下四关节闷盖.pdf Graphic file (type pdf)
<use 取下四关节闷盖.pdf>
File: 旋松四关节螺栓.pdf Graphic file (type pdf)
<use 旋松四关节螺栓.pdf>
File: Logo.png Graphic file (type bmp)
<Logo.png>
 [70]
File: 取下四关节.pdf Graphic file (type pdf)
<use 取下四关节.pdf>
File: 取下线圈固定件螺钉.pdf Graphic file (type pdf)
<use 取下线圈固定件螺钉.pdf>
File: Logo.png Graphic file (type bmp)
<Logo.png>
 [71]
File: 取出四关节线束.pdf Graphic file (type pdf)
<use 取出四关节线束.pdf>
File: 四关节涂抹密封油脂.pdf Graphic file (type pdf)
<use 四关节涂抹密封油脂.pdf>
File: Logo.png Graphic file (type bmp)
<Logo.png>
 [72]
File: 四关节放入O型圈.pdf Graphic file (type pdf)
<use 四关节放入O型圈.pdf>
File: 穿过四关节线束.pdf Graphic file (type pdf)
<use 穿过四关节线束.pdf>
File: Logo.png Graphic file (type bmp)
<Logo.png>
 [73]
File: 拧紧线圈固定件螺钉.pdf Graphic file (type pdf)
<use 拧紧线圈固定件螺钉.pdf>
File: 小臂涂抹密封油脂.pdf Graphic file (type pdf)
<use 小臂涂抹密封油脂.pdf>
File: Logo.png Graphic file (type bmp)
<Logo.png>
 [74]
File: 小臂放入O型圈.pdf Graphic file (type pdf)
<use 小臂放入O型圈.pdf>
File: 小臂四关节凸台对齐凹槽.pdf Graphic file (type pdf)
<use 小臂四关节凸台对齐凹槽.pdf>
File: Logo.png Graphic file (type bmp)
<Logo.png>
 [75]
File: 四关节放入径向螺钉定位套.pdf Graphic file (type pdf)
<use 四关节放入径向螺钉定位套.pdf>
File: 安装四关节螺栓（长）.pdf Graphic file (type pdf)
<use 安装四关节螺栓（长）.pdf>
File: Logo.png Graphic file (type bmp)
<Logo.png>

[76]
File: 安装四关节螺栓（短）.pdf Graphic file (type pdf)
<use 安装四关节螺栓（短）.pdf>
File: 四五关节凸台对齐凹槽.pdf Graphic file (type pdf)
<use 四五关节凸台对齐凹槽.pdf>
File: 五关节放入径向螺钉定位套.pdf Graphic file (type pdf)
<use 五关节放入径向螺钉定位套.pdf>
File: Logo.png Graphic file (type bmp)
<Logo.png>
 [77]
File: 安装五关节螺栓（长）.pdf Graphic file (type pdf)
<use 安装五关节螺栓（长）.pdf>
File: 安装五关节螺栓（短）.pdf Graphic file (type pdf)
<use 安装五关节螺栓（短）.pdf>
File: Logo.png Graphic file (type bmp)
<Logo.png>
 [78]
File: 闷盖涂抹油脂.pdf Graphic file (type pdf)
<use 闷盖涂抹油脂.pdf>
File: 安装O型圈至闷盖.pdf Graphic file (type pdf)
<use 安装O型圈至闷盖.pdf>
File: 安装四关节闷盖.pdf Graphic file (type pdf)
<use 安装四关节闷盖.pdf>
File: Logo.png Graphic file (type bmp)
<Logo.png>
 [79]
File: 安装五关节闷盖.pdf Graphic file (type pdf)
<use 安装五关节闷盖.pdf>
File: 固定四关节第一个装饰环.pdf Graphic file (type pdf)
<use 固定四关节第一个装饰环.pdf>
File: Logo.png Graphic file (type bmp)
<Logo.png>
 [80]
File: 固定四关节第一个装饰环螺钉.pdf Graphic file (type pdf)
<use 固定四关节第一个装饰环螺钉.pdf>
File: 固定四关节第二个装饰环.pdf Graphic file (type pdf)
<use 固定四关节第二个装饰环.pdf>
File: Logo.png Graphic file (type bmp)
<Logo.png>
 [81]
File: 固定四关节第二个装饰环螺钉.pdf Graphic file (type pdf)
<use 固定四关节第二个装饰环螺钉.pdf>
File: 固定五关节第一个装饰环.pdf Graphic file (type pdf)
<use 固定五关节第一个装饰环.pdf>
File: Logo.png Graphic file (type bmp)
<Logo.png>
 [82]
File: 固定五关节第一个装饰环螺钉.pdf Graphic file (type pdf)
<use 固定五关节第一个装饰环螺钉.pdf>
File: 固定五关节第二个装饰环.pdf Graphic file (type pdf)
<use 固定五关节第二个装饰环.pdf>
File: 固定五关节第二个装饰环螺钉.pdf Graphic file (type pdf)
<use 固定五关节第二个装饰环螺钉.pdf>
File: Logo.png Graphic file (type bmp)
<Logo.png>
 [83]
! Misplaced \noalign.
\rowcolor ->\noalign 
                     {\ifnum 0=`}\fi \global \let \CT@do@color \CT@@do@color...
l.4886 \sphinxstyletheadfamily
                               \sphinxAtStartPar
I expect to see \noalign only after the \cr of
an alignment. Proceed, and I'll ignore this case.

! Misplaced \noalign.
\rowcolor ->\noalign 
                     {\ifnum 0=`}\fi \global \let \CT@do@color \CT@@do@color...
l.4891 \sphinxstyletheadfamily
                               \sphinxAtStartPar
I expect to see \noalign only after the \cr of
an alignment. Proceed, and I'll ignore this case.

! Misplaced \noalign.
\rowcolor ->\noalign 
                     {\ifnum 0=`}\fi \global \let \CT@do@color \CT@@do@color...
l.4896 \sphinxstyletheadfamily
                               \sphinxAtStartPar
I expect to see \noalign only after the \cr of
an alignment. Proceed, and I'll ignore this case.

File: 取下一关节装饰环螺钉(Zu35).pdf Graphic file (type pdf)
<use 取下一关节装饰环螺钉(Zu35).pdf>
File: 取下一关节装饰环(Zu35).pdf Graphic file (type pdf)
<use 取下一关节装饰环(Zu35).pdf>
File: Logo.png Graphic file (type bmp)
<Logo.png>
[84]
File: 取下二关节装饰环螺钉(Zu35).pdf Graphic file (type pdf)
<use 取下二关节装饰环螺钉(Zu35).pdf>
File: 取下二关节装饰环(Zu35).pdf Graphic file (type pdf)
<use 取下二关节装饰环(Zu35).pdf>
File: Logo.png Graphic file (type bmp)
<Logo.png>
 [85]
File: 取下闷盖螺钉（Zu35）.pdf Graphic file (type pdf)
<use 取下闷盖螺钉（Zu35）.pdf>
File: 取下闷盖（Zu35）.pdf Graphic file (type pdf)
<use 取下闷盖（Zu35）.pdf>
File: Logo.png Graphic file (type bmp)
<Logo.png>
 [86]
File: 旋松二关节螺钉（Zu35）.pdf Graphic file (type pdf)
<use 旋松二关节螺钉（Zu35）.pdf>
File: 分离大臂（Zu35）.pdf Graphic file (type pdf)
<use 分离大臂（Zu35）.pdf>
File: 取下环形灯壳螺钉（Zu35）.pdf Graphic file (type pdf)
<use 取下环形灯壳螺钉（Zu35）.pdf>
File: Logo.png Graphic file (type bmp)
<Logo.png>
 [87]
File: 取下环形灯壳（Zu35）.pdf Graphic file (type pdf)
<use 取下环形灯壳（Zu35）.pdf>
File: 旋松一关节螺钉（Zu35）.pdf Graphic file (type pdf)
<use 旋松一关节螺钉（Zu35）.pdf>
File: Logo.png Graphic file (type bmp)
<Logo.png>
 [88]
File: 分离二关节（Zu35）.pdf Graphic file (type pdf)
<use 分离二关节（Zu35）.pdf>
File: 取下线圈固定件（Zu35）.pdf Graphic file (type pdf)
<use 取下线圈固定件（Zu35）.pdf>
File: Logo.png Graphic file (type bmp)
<Logo.png>
 [89]
File: 取下法兰固线钣金螺钉（Zu35）.pdf Graphic file (type pdf)
<use 取下法兰固线钣金螺钉（Zu35）.pdf>
File: 取下线束.pdf Graphic file (type pdf)
<use 取下线束.pdf>
File: Logo.png Graphic file (type bmp)
<Logo.png>
 [90]
File: 二关节涂抹密封油脂.pdf Graphic file (type pdf)
<use 二关节涂抹密封油脂.pdf>
File: 二关节放入O型圈.pdf Graphic file (type pdf)
<use 二关节放入O型圈.pdf>
File: Logo.png Graphic file (type bmp)
<Logo.png>
 [91]
File: 穿过线束.pdf Graphic file (type pdf)
<use 穿过线束.pdf>
File: 安装法兰固线钣金螺钉（Zu35）.pdf Graphic file (type pdf)
<use 安装法兰固线钣金螺钉（Zu35）.pdf>
File: Logo.png Graphic file (type bmp)
<Logo.png>
 [92]
File: 安装线圈固定件（Zu35）.pdf Graphic file (type pdf)
<use 安装线圈固定件（Zu35）.pdf>
File: 一二关节凸台对齐凹槽（Zu35）.pdf Graphic file (type pdf)
<use 一二关节凸台对齐凹槽（Zu35）.pdf>
File: 拧紧一关节螺钉（Zu35）.pdf Graphic file (type pdf)
<use 拧紧一关节螺钉（Zu35）.pdf>
File: Logo.png Graphic file (type bmp)
<Logo.png>
 [93]
File: 大臂涂抹密封油脂.pdf Graphic file (type pdf)
<use 大臂涂抹密封油脂.pdf>
File: 大臂放入O型圈.pdf Graphic file (type pdf)
<use 大臂放入O型圈.pdf>
File: Logo.png Graphic file (type bmp)
<Logo.png>
 [94]
File: 二关节大臂凸台对齐凹槽（Zu35）.pdf Graphic file (type pdf)
<use 二关节大臂凸台对齐凹槽（Zu35）.pdf>
File: 拧紧二关节螺钉（Zu35）.pdf Graphic file (type pdf)
<use 拧紧二关节螺钉（Zu35）.pdf>
File: Logo.png Graphic file (type bmp)
<Logo.png>
 [95]
File: 闷盖涂抹油脂.pdf Graphic file (type pdf)
<use 闷盖涂抹油脂.pdf>
File: 安装O型圈至闷盖.pdf Graphic file (type pdf)
<use 安装O型圈至闷盖.pdf>
File: Logo.png Graphic file (type bmp)
<Logo.png>
 [96]
File: 安装闷盖（Zu35）.pdf Graphic file (type pdf)
<use 安装闷盖（Zu35）.pdf>
File: 安装闷盖螺钉（Zu35）.pdf Graphic file (type pdf)
<use 安装闷盖螺钉（Zu35）.pdf>
File: 环形灯壳涂抹油脂.pdf Graphic file (type pdf)
<use 环形灯壳涂抹油脂.pdf>
File: Logo.png Graphic file (type bmp)
<Logo.png>
 [97]
File: 安装O型圈至环形灯壳.pdf Graphic file (type pdf)
<use 安装O型圈至环形灯壳.pdf>
File: 安装环形灯壳（Zu35）.pdf Graphic file (type pdf)
<use 安装环形灯壳（Zu35）.pdf>
File: 安装环形灯壳螺钉（Zu35）.pdf Graphic file (type pdf)
<use 安装环形灯壳螺钉（Zu35）.pdf>
File: Logo.png Graphic file (type bmp)
<Logo.png>
 [98]
File: 固定一关节第一个装饰环（Zu35）.pdf Graphic file (type pdf)
<use 固定一关节第一个装饰环（Zu35）.pdf>
File: 固定一关节第一个装饰环螺钉（Zu35）.pdf Graphic file (type pdf)
<use 固定一关节第一个装饰环螺钉（Zu35）.pdf>
File: Logo.png Graphic file (type bmp)
<Logo.png>

[99]
File: 固定一关节第二个装饰环（Zu35）.pdf Graphic file (type pdf)
<use 固定一关节第二个装饰环（Zu35）.pdf>
File: 固定一关节第二个装饰环螺钉（Zu35）.pdf Graphic file (type pdf)
<use 固定一关节第二个装饰环螺钉（Zu35）.pdf>
File: Logo.png Graphic file (type bmp)
<Logo.png>
 [100]
File: 固定二关节第一个装饰环（Zu35）.pdf Graphic file (type pdf)
<use 固定二关节第一个装饰环（Zu35）.pdf>
File: 固定二关节第一个装饰环螺钉（Zu35）.pdf Graphic file (type pdf)
<use 固定二关节第一个装饰环螺钉（Zu35）.pdf>
File: Logo.png Graphic file (type bmp)
<Logo.png>
 [101]
File: 固定二关节第二个装饰环（Zu35）.pdf Graphic file (type pdf)
<use 固定二关节第二个装饰环（Zu35）.pdf>
File: 固定二关节第二个装饰环螺钉（Zu35）.pdf Graphic file (type pdf)
<use 固定二关节第二个装饰环螺钉（Zu35）.pdf>
File: Logo.png Graphic file (type bmp)
<Logo.png>
 [102]
File: 机器人上电并使能.jpg Graphic file (type bmp)
<机器人上电并使能.jpg>
File: Logo.png Graphic file (type bmp)
<Logo.png>
 [103]
File: 集合工具包按钮.png Graphic file (type bmp)
<集合工具包按钮.png>
File: 维护界面-输入密码.png Graphic file (type bmp)
<维护界面-输入密码.png>
File: 维护界面-伺服调试.png Graphic file (type bmp)
<维护界面-伺服调试.png>
File: Logo.png Graphic file (type bmp)
<Logo.png>
 [104]
File: 伺服调试软件-连接机器人.png Graphic file (type bmp)
<伺服调试软件-连接机器人.png>
File: Logo.png Graphic file (type bmp)
<Logo.png>
 [105]
File: 伺服调试软件-写入序列号.png Graphic file (type bmp)
<伺服调试软件-写入序列号.png>
File: Logo.png Graphic file (type bmp)
<Logo.png>
 [106]
File: 写入本机节点号.png Graphic file (type bmp)
<写入本机节点号.png>
File: Logo.png Graphic file (type bmp)
<Logo.png>
 [107]
File: 写入编码器参数.png Graphic file (type bmp)
<写入编码器参数.png>
File: Logo.png Graphic file (type bmp)
<Logo.png>
 [108]
File: 机器人下使能下电.png Graphic file (type bmp)
<机器人下使能下电.png>
File: Logo.png Graphic file (type bmp)
<Logo.png>
 [109]
File: 版本升级界面.png Graphic file (type bmp)
<版本升级界面.png>
File: Logo.png Graphic file (type bmp)
<Logo.png>
 [110]
File: 升级伺服.png Graphic file (type bmp)
<升级伺服.png>
File: 机器人上电并使能.jpg Graphic file (type bmp)
<机器人上电并使能.jpg>
File: Logo.png Graphic file (type bmp)
<Logo.png>
 [111]
File: 标定姿态.pdf Graphic file (type pdf)
<use 标定姿态.pdf>
File: Logo.png Graphic file (type bmp)
<Logo.png>

[112]
File: 标定刻线位置.pdf Graphic file (type pdf)
<use 标定刻线位置.pdf>
File: 集合工具包按钮.png Graphic file (type bmp)
<集合工具包按钮.png>
File: 维护界面-关节校准.png Graphic file (type bmp)
<维护界面-关节校准.png>
File: Logo.png Graphic file (type bmp)
<Logo.png>
 [113]
! Misplaced \noalign.
\rowcolor ->\noalign 
                     {\ifnum 0=`}\fi \global \let \CT@do@color \CT@@do@color...
l.5938 \sphinxstyletheadfamily
                               \sphinxAtStartPar
I expect to see \noalign only after the \cr of
an alignment. Proceed, and I'll ignore this case.

! Misplaced \noalign.
\rowcolor ->\noalign 
                     {\ifnum 0=`}\fi \global \let \CT@do@color \CT@@do@color...
l.5943 \sphinxstyletheadfamily
                               \sphinxAtStartPar
I expect to see \noalign only after the \cr of
an alignment. Proceed, and I'll ignore this case.

! Misplaced \noalign.
\rowcolor ->\noalign 
                     {\ifnum 0=`}\fi \global \let \CT@do@color \CT@@do@color...
l.5948 \sphinxstyletheadfamily
                               \sphinxAtStartPar
I expect to see \noalign only after the \cr of
an alignment. Proceed, and I'll ignore this case.

! Misplaced \noalign.
\rowcolor ->\noalign 
                     {\ifnum 0=`}\fi \global \let \CT@do@color \CT@@do@color...
l.5953 \sphinxstyletheadfamily
                               \sphinxAtStartPar
I expect to see \noalign only after the \cr of
an alignment. Proceed, and I'll ignore this case.

! Misplaced \noalign.
\rowcolor ->\noalign 
                     {\ifnum 0=`}\fi \global \let \CT@do@color \CT@@do@color...
l.5958 \sphinxstyletheadfamily
                               \sphinxAtStartPar
I expect to see \noalign only after the \cr of
an alignment. Proceed, and I'll ignore this case.

! Misplaced \noalign.
\rowcolor ->\noalign 
                     {\ifnum 0=`}\fi \global \let \CT@do@color \CT@@do@color...
l.5963 \sphinxstyletheadfamily
                               \sphinxAtStartPar
I expect to see \noalign only after the \cr of
an alignment. Proceed, and I'll ignore this case.

File: Z值标定.png Graphic file (type bmp)
<Z值标定.png>
File: Logo.png Graphic file (type bmp)
<Logo.png>
[114]
File: 禁用伺服DH参数.png Graphic file (type bmp)
<禁用伺服DH参数.png>
File: 禁用伺服DH参数2.png Graphic file (type bmp)
<禁用伺服DH参数2.png>
File: Logo.png Graphic file (type bmp)
<Logo.png>
 [115]
File: Logo.png Graphic file (type bmp)
<Logo.png>
 [116]
Chapter 5.
File: 机器人打包姿态.png Graphic file (type bmp)
<机器人打包姿态.png>
File: Logo.png Graphic file (type bmp)
<Logo.png>
[117

]
File: 推荐打包姿态.pdf Graphic file (type pdf)
<use 推荐打包姿态.pdf>
File: 不推荐打包姿态.pdf Graphic file (type pdf)
<use 不推荐打包姿态.pdf>
File: Logo.png Graphic file (type bmp)
<Logo.png>
 [118]
File: Logo.png Graphic file (type bmp)
<Logo.png>
 [119]
Chapter 6.
File: 日志按钮.png Graphic file (type bmp)
<日志按钮.png>
File: 日志界面.png Graphic file (type bmp)
<日志界面.png>
File: 故障信息.png Graphic file (type bmp)
<故障信息.png>
File: 筛选故障.png Graphic file (type bmp)
<筛选故障.png>
File: Logo.png Graphic file (type bmp)
<Logo.png>
[120

]
File: 帮助按钮.png Graphic file (type bmp)
<帮助按钮.png>
File: 故障代码含义.png Graphic file (type bmp)
<故障代码含义.png>
File: Logo.png Graphic file (type bmp)
<Logo.png>
 [121] (./backcover.tex
File: Logo.png Graphic file (type bmp)
<Logo.png>
 [122]
File: 官网二维码.png Graphic file (type bmp)
<官网二维码.png>
)
No file ServiceManual.ind.
[123

] 
enddocument/afterlastpage (AED): lastpage setting LastPage.
(./ServiceManual.aux)
 ***********
LaTeX2e <2025-11-01>
L3 programming layer <2022/08/05>
 ***********
 ) 
Here is how much of TeX's memory you used:
 28105 strings out of 467991
 580675 string characters out of 5433156
 1013488 words of memory out of 5000000
 56298 multiletter control sequences out of 15000+600000
 635512 words of font info for 126 fonts, out of 8000000 for 9000
 1349 hyphenation exceptions out of 8191
 74i,23n,111p,1202b,759s stack positions out of 10000i,1000n,20000p,200000b,200000s

Output written on ServiceManual.pdf (126 pages).
